CM_num:8
wafer_sum:7
group_elements_num {'CM1': 8, 'PG1': 10, 'PG2': 2, 'PG3': 8, 'PG4': 2, 'PG5': 2, 'PG6': 8, 'PG7': 2, 'PG8': 8, 'PG9': 6, 'PG10': 3, 'PG11': 2, 'PG12': 8, 'PG13': 2, 'PG14': 8, 'PG15': 2, 'BM2-1': 2, 'BM2-2': 2, 'BM6-3': 2, 'BM6-1': 2, 'BM6-2': 2, 'BM8-1': 1, 'BM8-2': 1, 'BM6-11': 2, 'BM6-12': 2, 'TM1': 1, 'TM2': 1, 'TM3': 1, 'TM4': 1, 'TM6': 1, 'TM8': 1, 'TM7': 1, 'TM5': 1}
group_elements_index {'CM1': 0, 'PG1': 8, 'PG2': 18, 'PG3': 20, 'PG4': 28, 'PG5': 30, 'PG6': 32, 'PG7': 40, 'PG8': 42, 'PG9': 50, 'PG10': 56, 'PG11': 59, 'PG12': 61, 'PG13': 69, 'PG14': 71, 'PG15': 79, 'BM2-1': 81, 'BM2-2': 83, 'BM6-3': 85, 'BM6-1': 87, 'BM6-2': 89, 'BM8-1': 91, 'BM8-2': 92, 'BM6-11': 93, 'BM6-12': 95, 'TM1': 97, 'TM2': 98, 'TM3': 99, 'TM4': 100, 'TM6': 101, 'TM8': 102, 'TM7': 103, 'TM5': 104}
all_elements_num 97
There are loops in the path:
CM1 BM2-1 PG1 PG4 PG3 PG2 PG5 PG6 PG7 PG8 BM6-11 PG12 BM6-12 PG13 PG14 PG15 BM2-2 CM1


105
45
7
295
{1: 45, 2: 45, 3: 45, 4: 45, 5: 45, 6: 35, 7: 35}
8
{0: 'CM1', 8: 'PG1', 18: 'PG2', 20: 'PG3', 28: 'PG4', 30: 'PG5', 32: 'PG6', 40: 'PG7', 42: 'PG8', 50: 'PG9', 56: 'PG10', 59: 'PG11', 61: 'PG12', 69: 'PG13', 71: 'PG14', 79: 'PG15', 81: 'BM2-1', 83: 'BM2-2', 85: 'BM6-3', 87: 'BM6-1', 89: 'BM6-2', 91: 'BM8-1', 92: 'BM8-2', 93: 'BM6-11', 95: 'BM6-12', 97: 'TM1', 98: 'TM2', 99: 'TM3', 100: 'TM4', 101: 'TM6', 102: 'TM8', 103: 'TM7', 104: 'TM5'}
start time is :  2023-12-08 09:30:56.434135
best_fitness 210
current time :  2023-12-08 09:30:57.236218
current time :  2023-12-08 09:30:58.033392
current time :  2023-12-08 09:31:04.940553
Machine: 97  Time: 0  pick from: 0
Machine: 97  Time: 2  put to: 81
Machine: 97  Time: 3  pick from: 0
Machine: 97  Time: 5  put to: 81
Machine: 97  Time: 6  pick from: 0
Machine: 97  Time: 8  put to: 81
Machine: 97  Time: 9  pick from: 0
Machine: 97  Time: 16  put to: 81
Machine: 97  Time: 17  pick from: 0
Machine: 97  Time: 19  put to: 81
Machine: 97  Time: 20  pick from: 0
Machine: 97  Time: 30  put to: 81
Machine: 97  Time: 31  pick from: 0
Machine: 97  Time: 43  put to: 81
Machine: 97  Time: 138  pick from: 81
Machine: 97  Time: 140  put to: 0
Machine: 97  Time: 141  pick from: 81
Machine: 97  Time: 143  put to: 0
Machine: 97  Time: 166  pick from: 81
Machine: 97  Time: 168  put to: 0
Machine: 97  Time: 169  pick from: 81
Machine: 97  Time: 171  put to: 0
Machine: 97  Time: 183  pick from: 83
Machine: 97  Time: 185  put to: 0
Machine: 97  Time: 202  pick from: 81
Machine: 97  Time: 204  put to: 0
Machine: 97  Time: 207  pick from: 83
Machine: 97  Time: 209  put to: 0
Machine: 98  Time: 3  pick from: 81
Machine: 98  Time: 5  put to: 8
Machine: 98  Time: 6  pick from: 81
Machine: 98  Time: 8  put to: 9
Machine: 98  Time: 11  pick from: 8
Machine: 98  Time: 13  put to: 18
Machine: 98  Time: 14  pick from: 9
Machine: 98  Time: 16  put to: 19
Machine: 98  Time: 17  pick from: 81
Machine: 98  Time: 19  put to: 10
Machine: 98  Time: 20  pick from: 81
Machine: 98  Time: 22  put to: 11
Machine: 98  Time: 25  pick from: 10
Machine: 98  Time: 27  put to: 18
Machine: 98  Time: 28  pick from: 11
Machine: 98  Time: 30  put to: 19
Machine: 98  Time: 31  pick from: 81
Machine: 98  Time: 33  put to: 12
Machine: 98  Time: 35  pick from: 28
Machine: 98  Time: 37  put to: 30
Machine: 98  Time: 38  pick from: 29
Machine: 98  Time: 40  put to: 31
Machine: 98  Time: 41  pick from: 12
Machine: 98  Time: 43  put to: 18
Machine: 98  Time: 44  pick from: 81
Machine: 98  Time: 46  put to: 13
Machine: 98  Time: 49  pick from: 28
Machine: 98  Time: 51  put to: 30
Machine: 98  Time: 52  pick from: 29
Machine: 98  Time: 54  put to: 31
Machine: 98  Time: 55  pick from: 13
Machine: 98  Time: 57  put to: 29
Machine: 98  Time: 58  pick from: 81
Machine: 98  Time: 60  put to: 14
Machine: 98  Time: 65  pick from: 28
Machine: 98  Time: 67  put to: 30
Machine: 98  Time: 68  pick from: 14
Machine: 98  Time: 70  put to: 28
Machine: 98  Time: 79  pick from: 19
Machine: 98  Time: 81  put to: 31
Machine: 98  Time: 92  pick from: 18
Machine: 98  Time: 94  put to: 30
Machine: 98  Time: 135  pick from: 79
Machine: 98  Time: 137  put to: 81
Machine: 98  Time: 138  pick from: 80
Machine: 98  Time: 140  put to: 81
Machine: 98  Time: 163  pick from: 79
Machine: 98  Time: 165  put to: 81
Machine: 98  Time: 166  pick from: 80
Machine: 98  Time: 168  put to: 81
Machine: 98  Time: 180  pick from: 80
Machine: 98  Time: 182  put to: 83
Machine: 98  Time: 199  pick from: 79
Machine: 98  Time: 201  put to: 81
Machine: 98  Time: 204  pick from: 79
Machine: 98  Time: 206  put to: 83
Machine: 99  Time: 19  pick from: 18
Machine: 99  Time: 21  put to: 20
Machine: 99  Time: 22  pick from: 19
Machine: 99  Time: 24  put to: 21
Machine: 99  Time: 27  pick from: 20
Machine: 99  Time: 29  put to: 28
Machine: 99  Time: 30  pick from: 21
Machine: 99  Time: 32  put to: 29
Machine: 99  Time: 33  pick from: 18
Machine: 99  Time: 35  put to: 22
Machine: 99  Time: 36  pick from: 19
Machine: 99  Time: 38  put to: 23
Machine: 99  Time: 41  pick from: 22
Machine: 99  Time: 43  put to: 28
Machine: 99  Time: 44  pick from: 23
Machine: 99  Time: 46  put to: 29
Machine: 99  Time: 49  pick from: 18
Machine: 99  Time: 51  put to: 24
Machine: 99  Time: 57  pick from: 24
Machine: 99  Time: 59  put to: 28
Machine: 99  Time: 63  pick from: 29
Machine: 99  Time: 65  put to: 25
Machine: 99  Time: 71  pick from: 25
Machine: 99  Time: 73  put to: 19
Machine: 99  Time: 76  pick from: 28
Machine: 99  Time: 78  put to: 26
Machine: 99  Time: 84  pick from: 26
Machine: 99  Time: 86  put to: 18
Machine: 100  Time: 43  pick from: 30
Machine: 100  Time: 45  put to: 32
Machine: 100  Time: 46  pick from: 31
Machine: 100  Time: 48  put to: 33
Machine: 100  Time: 51  pick from: 32
Machine: 100  Time: 53  put to: 40
Machine: 100  Time: 54  pick from: 33
Machine: 100  Time: 56  put to: 41
Machine: 100  Time: 57  pick from: 30
Machine: 100  Time: 59  put to: 34
Machine: 100  Time: 60  pick from: 31
Machine: 100  Time: 62  put to: 35
Machine: 100  Time: 65  pick from: 34
Machine: 100  Time: 67  put to: 40
Machine: 100  Time: 68  pick from: 35
Machine: 100  Time: 70  put to: 41
Machine: 100  Time: 73  pick from: 30
Machine: 100  Time: 75  put to: 36
Machine: 100  Time: 81  pick from: 36
Machine: 100  Time: 83  put to: 40
Machine: 100  Time: 87  pick from: 31
Machine: 100  Time: 89  put to: 37
Machine: 100  Time: 95  pick from: 37
Machine: 100  Time: 97  put to: 41
Machine: 100  Time: 100  pick from: 30
Machine: 100  Time: 102  put to: 38
Machine: 100  Time: 108  pick from: 38
Machine: 100  Time: 110  put to: 40
Machine: 101  Time: 59  pick from: 40
Machine: 101  Time: 61  put to: 42
Machine: 101  Time: 62  pick from: 41
Machine: 101  Time: 64  put to: 43
Machine: 101  Time: 67  pick from: 42
Machine: 101  Time: 69  put to: 87
Machine: 101  Time: 70  pick from: 43
Machine: 101  Time: 72  put to: 87
Machine: 101  Time: 73  pick from: 40
Machine: 101  Time: 75  put to: 44
Machine: 101  Time: 76  pick from: 41
Machine: 101  Time: 78  put to: 45
Machine: 101  Time: 81  pick from: 44
Machine: 101  Time: 83  put to: 87
Machine: 101  Time: 84  pick from: 45
Machine: 101  Time: 88  put to: 87
Machine: 101  Time: 89  pick from: 87
Machine: 101  Time: 91  put to: 50
Machine: 101  Time: 92  pick from: 87
Machine: 101  Time: 94  put to: 51
Machine: 101  Time: 97  pick from: 50
Machine: 101  Time: 99  put to: 93
Machine: 101  Time: 100  pick from: 51
Machine: 101  Time: 102  put to: 93
Machine: 101  Time: 103  pick from: 40
Machine: 101  Time: 105  put to: 46
Machine: 101  Time: 106  pick from: 41
Machine: 101  Time: 108  put to: 47
Machine: 101  Time: 111  pick from: 93
Machine: 101  Time: 113  put to: 69
Machine: 101  Time: 114  pick from: 93
Machine: 101  Time: 116  put to: 70
Machine: 101  Time: 117  pick from: 87
Machine: 101  Time: 119  put to: 52
Machine: 101  Time: 120  pick from: 87
Machine: 101  Time: 122  put to: 53
Machine: 101  Time: 125  pick from: 52
Machine: 101  Time: 127  put to: 93
Machine: 101  Time: 128  pick from: 53
Machine: 101  Time: 130  put to: 93
Machine: 101  Time: 131  pick from: 46
Machine: 101  Time: 133  put to: 87
Machine: 101  Time: 134  pick from: 47
Machine: 101  Time: 136  put to: 93
Machine: 101  Time: 139  pick from: 93
Machine: 101  Time: 141  put to: 69
Machine: 101  Time: 142  pick from: 93
Machine: 101  Time: 144  put to: 70
Machine: 101  Time: 145  pick from: 40
Machine: 101  Time: 147  put to: 48
Machine: 101  Time: 153  pick from: 87
Machine: 101  Time: 155  put to: 54
Machine: 101  Time: 156  pick from: 95
Machine: 101  Time: 158  put to: 70
Machine: 101  Time: 161  pick from: 54
Machine: 101  Time: 163  put to: 93
Machine: 101  Time: 164  pick from: 48
Machine: 101  Time: 166  put to: 93
Machine: 101  Time: 175  pick from: 93
Machine: 101  Time: 177  put to: 69
Machine: 101  Time: 178  pick from: 95
Machine: 101  Time: 182  put to: 69
Machine: 102  Time: 70  pick from: 87
Machine: 102  Time: 72  put to: 56
Machine: 102  Time: 73  pick from: 87
Machine: 102  Time: 75  put to: 57
Machine: 102  Time: 78  pick from: 56
Machine: 102  Time: 80  put to: 59
Machine: 102  Time: 81  pick from: 57
Machine: 102  Time: 83  put to: 60
Machine: 102  Time: 86  pick from: 59
Machine: 102  Time: 88  put to: 87
Machine: 102  Time: 89  pick from: 60
Machine: 102  Time: 91  put to: 87
Machine: 102  Time: 92  pick from: 87
Machine: 102  Time: 94  put to: 58
Machine: 102  Time: 95  pick from: 87
Machine: 102  Time: 97  put to: 56
Machine: 102  Time: 100  pick from: 58
Machine: 102  Time: 102  put to: 59
Machine: 102  Time: 103  pick from: 56
Machine: 102  Time: 105  put to: 60
Machine: 102  Time: 108  pick from: 59
Machine: 102  Time: 110  put to: 87
Machine: 102  Time: 111  pick from: 60
Machine: 102  Time: 116  put to: 87
Machine: 102  Time: 134  pick from: 87
Machine: 102  Time: 136  put to: 57
Machine: 102  Time: 142  pick from: 57
Machine: 102  Time: 144  put to: 59
Machine: 102  Time: 150  pick from: 59
Machine: 102  Time: 152  put to: 87
Machine: 103  Time: 100  pick from: 93
Machine: 103  Time: 102  put to: 61
Machine: 103  Time: 103  pick from: 93
Machine: 103  Time: 105  put to: 62
Machine: 103  Time: 108  pick from: 61
Machine: 103  Time: 110  put to: 93
Machine: 103  Time: 111  pick from: 62
Machine: 103  Time: 113  put to: 93
Machine: 103  Time: 128  pick from: 93
Machine: 103  Time: 130  put to: 63
Machine: 103  Time: 131  pick from: 93
Machine: 103  Time: 133  put to: 64
Machine: 103  Time: 136  pick from: 63
Machine: 103  Time: 138  put to: 93
Machine: 103  Time: 139  pick from: 64
Machine: 103  Time: 141  put to: 93
Machine: 103  Time: 142  pick from: 93
Machine: 103  Time: 144  put to: 66
Machine: 103  Time: 150  pick from: 66
Machine: 103  Time: 152  put to: 95
Machine: 103  Time: 164  pick from: 93
Machine: 103  Time: 166  put to: 65
Machine: 103  Time: 167  pick from: 93
Machine: 103  Time: 169  put to: 67
Machine: 103  Time: 172  pick from: 65
Machine: 103  Time: 174  put to: 93
Machine: 103  Time: 175  pick from: 67
Machine: 103  Time: 177  put to: 95
Machine: 104  Time: 119  pick from: 69
Machine: 104  Time: 121  put to: 71
Machine: 104  Time: 122  pick from: 70
Machine: 104  Time: 124  put to: 72
Machine: 104  Time: 127  pick from: 71
Machine: 104  Time: 129  put to: 79
Machine: 104  Time: 130  pick from: 72
Machine: 104  Time: 132  put to: 80
Machine: 104  Time: 147  pick from: 69
Machine: 104  Time: 149  put to: 73
Machine: 104  Time: 150  pick from: 70
Machine: 104  Time: 152  put to: 74
Machine: 104  Time: 155  pick from: 73
Machine: 104  Time: 157  put to: 79
Machine: 104  Time: 158  pick from: 74
Machine: 104  Time: 160  put to: 80
Machine: 104  Time: 164  pick from: 70
Machine: 104  Time: 166  put to: 76
Machine: 104  Time: 172  pick from: 76
Machine: 104  Time: 174  put to: 80
Machine: 104  Time: 183  pick from: 69
Machine: 104  Time: 185  put to: 75
Machine: 104  Time: 188  pick from: 69
Machine: 104  Time: 190  put to: 77
Machine: 104  Time: 191  pick from: 75
Machine: 104  Time: 193  put to: 79
Machine: 104  Time: 196  pick from: 77
Machine: 104  Time: 198  put to: 79
Running time :  8.521418 seconds
