CM_num:30
wafer_sum:5
group_elements_num {'CM1': 30, 'PG1': 10, 'PG2': 2, 'PG3': 8, 'PG4': 2, 'PG5': 2, 'PG6': 8, 'PG7': 2, 'PG8': 8, 'PG9': 6, 'PG10': 3, 'PG11': 2, 'PG12': 8, 'PG13': 2, 'PG14': 8, 'PG15': 2, 'BM2-1': 2, 'BM2-2': 2, 'BM6-3': 2, 'BM6-1': 2, 'BM6-2': 2, 'BM8-1': 1, 'BM8-2': 1, 'BM6-11': 2, 'BM6-12': 2, 'TM1': 1, 'TM2': 1, 'TM3': 1, 'TM4': 1, 'TM6': 1, 'TM8': 1, 'TM7': 1, 'TM5': 1}
group_elements_index {'CM1': 0, 'PG1': 30, 'PG2': 40, 'PG3': 42, 'PG4': 50, 'PG5': 52, 'PG6': 54, 'PG7': 62, 'PG8': 64, 'PG9': 72, 'PG10': 78, 'PG11': 81, 'PG12': 83, 'PG13': 91, 'PG14': 93, 'PG15': 101, 'BM2-1': 103, 'BM2-2': 105, 'BM6-3': 107, 'BM6-1': 109, 'BM6-2': 111, 'BM8-1': 113, 'BM8-2': 114, 'BM6-11': 115, 'BM6-12': 117, 'TM1': 119, 'TM2': 120, 'TM3': 121, 'TM4': 122, 'TM6': 123, 'TM8': 124, 'TM7': 125, 'TM5': 126}
all_elements_index {'CM1-1-1': 0, 'CM1-1-2': 1, 'CM1-1-3': 2, 'CM1-1-4': 3, 'CM1-1-5': 4, 'CM1-1-6': 5, 'CM1-1-7': 6, 'CM1-1-8': 7, 'CM1-1-9': 8, 'CM1-1-10': 9, 'CM1-1-11': 10, 'CM1-1-12': 11, 'CM1-1-13': 12, 'CM1-1-14': 13, 'CM1-1-15': 14, 'CM1-1-16': 15, 'CM1-1-17': 16, 'CM1-1-18': 17, 'CM1-1-19': 18, 'CM1-1-20': 19, 'CM1-1-21': 20, 'CM1-1-22': 21, 'CM1-1-23': 22, 'CM1-1-24': 23, 'CM1-1-25': 24, 'CM1-1-26': 25, 'CM1-1-27': 26, 'CM1-1-28': 27, 'CM1-1-29': 28, 'CM1-1-30': 29, 'PM2-3A': 30, 'PM2-4A': 31, 'PM2-5A': 32, 'PM2-6A': 33, 'PM2-7A': 34, 'PM2-3B': 35, 'PM2-4B': 36, 'PM2-5B': 37, 'PM2-6B': 38, 'PM2-7B': 39, 'PM3-2A': 40, 'PM3-2B': 41, 'PM3-1A': 42, 'PM3-4A': 43, 'PM3-5A': 44, 'PM3-7A': 45, 'PM3-3B': 51, 'PM3-4B': 47, 'PM3-5B': 48, 'PM3-7B': 49, 'PM3-3A': 50, 'PM4-2A': 52, 'PM4-2B': 53, 'PM4-1A': 54, 'PM4-4A': 55, 'PM4-5A': 56, 'PM4-7A': 57, 'PM4-3B': 58, 'PM4-4B': 59, 'PM4-5B': 60, 'PM4-7B': 61, 'PM4-8A': 62, 'PM4-8B': 63, 'PM6-4A': 64, 'PM6-5A': 65, 'PM6-6A': 66, 'PM6-7A': 67, 'PM6-4B': 68, 'PM6-5B': 69, 'PM6-6B': 70, 'PM6-7B': 71, 'PM6-8A': 72, 'PM6-9A': 73, 'PM6-10A': 74, 'PM6-8B': 75, 'PM6-9B': 76, 'PM6-10B': 77, 'PM8-3': 78, 'PM8-4': 79, 'PM8-5': 80, 'ExposerIn8-6': 81, 'ExposerOut8-7': 82, 'PM7-1A': 83, 'PM7-2A': 84, 'PM7-3A': 85, 'PM7-4A': 86, 'PM7-1B': 87, 'PM7-2B': 88, 'PM7-3B': 89, 'PM7-4B': 90, 'PM5-9A': 91, 'PM5-9B': 92, 'PM5-1A': 93, 'PM5-4A': 94, 'PM5-5A': 95, 'PM5-7A': 96, 'PM5-3B': 102, 'PM5-4B': 98, 'PM5-5B': 99, 'PM5-7B': 100, 'PM5-3A': 101, 'BM2-1A': 103, 'BM2-1B': 104, 'BM2-2A': 105, 'BM2-2B': 106, 'BM6-3A': 107, 'BM6-3B': 108, 'BM6-1A': 109, 'BM6-1B': 110, 'BM6-2A': 111, 'BM6-2B': 112, 'BM8-1': 113, 'BM8-2': 114, 'BM6-11A': 115, 'BM6-11B': 116, 'BM6-12A': 117, 'BM6-12B': 118, 'TM1': 119, 'TM2': 120, 'TM3': 121, 'TM4': 122, 'TM6': 123, 'TM8': 124, 'TM7': 125, 'TM5': 126}
type_index {'CM': 0, 'CM_end': 29, 'PM': 30, 'PM_end': 102, 'BM': 103, 'BM_end': 118, 'TM': 119, 'TM_end': 126}
all_elements_num 119
There are loops in the path:
CM1 BM2-1 PG1 PG4 PG3 PG2 PG5 PG6 PG7 PG8 BM6-11 PG12 BM6-12 PG13 PG14 PG15 BM2-2 CM1


127
45
5
205
{1: 45, 2: 45, 3: 45, 4: 35, 5: 35}
8
{0: 'CM1-1-1', 1: 'CM1-1-2', 2: 'CM1-1-3', 3: 'CM1-1-4', 4: 'CM1-1-5', 5: 'CM1-1-6', 6: 'CM1-1-7', 7: 'CM1-1-8', 8: 'CM1-1-9', 9: 'CM1-1-10', 10: 'CM1-1-11', 11: 'CM1-1-12', 12: 'CM1-1-13', 13: 'CM1-1-14', 14: 'CM1-1-15', 15: 'CM1-1-16', 16: 'CM1-1-17', 17: 'CM1-1-18', 18: 'CM1-1-19', 19: 'CM1-1-20', 20: 'CM1-1-21', 21: 'CM1-1-22', 22: 'CM1-1-23', 23: 'CM1-1-24', 24: 'CM1-1-25', 25: 'CM1-1-26', 26: 'CM1-1-27', 27: 'CM1-1-28', 28: 'CM1-1-29', 29: 'CM1-1-30', 30: 'PM2-3A', 31: 'PM2-4A', 32: 'PM2-5A', 33: 'PM2-6A', 34: 'PM2-7A', 35: 'PM2-3B', 36: 'PM2-4B', 37: 'PM2-5B', 38: 'PM2-6B', 39: 'PM2-7B', 40: 'PM3-2A', 41: 'PM3-2B', 42: 'PM3-1A', 43: 'PM3-4A', 44: 'PM3-5A', 45: 'PM3-7A', 51: 'PM3-3B', 47: 'PM3-4B', 48: 'PM3-5B', 49: 'PM3-7B', 50: 'PM3-3A', 52: 'PM4-2A', 53: 'PM4-2B', 54: 'PM4-1A', 55: 'PM4-4A', 56: 'PM4-5A', 57: 'PM4-7A', 58: 'PM4-3B', 59: 'PM4-4B', 60: 'PM4-5B', 61: 'PM4-7B', 62: 'PM4-8A', 63: 'PM4-8B', 64: 'PM6-4A', 65: 'PM6-5A', 66: 'PM6-6A', 67: 'PM6-7A', 68: 'PM6-4B', 69: 'PM6-5B', 70: 'PM6-6B', 71: 'PM6-7B', 72: 'PM6-8A', 73: 'PM6-9A', 74: 'PM6-10A', 75: 'PM6-8B', 76: 'PM6-9B', 77: 'PM6-10B', 78: 'PM8-3', 79: 'PM8-4', 80: 'PM8-5', 81: 'ExposerIn8-6', 82: 'ExposerOut8-7', 83: 'PM7-1A', 84: 'PM7-2A', 85: 'PM7-3A', 86: 'PM7-4A', 87: 'PM7-1B', 88: 'PM7-2B', 89: 'PM7-3B', 90: 'PM7-4B', 91: 'PM5-9A', 92: 'PM5-9B', 93: 'PM5-1A', 94: 'PM5-4A', 95: 'PM5-5A', 96: 'PM5-7A', 102: 'PM5-3B', 98: 'PM5-4B', 99: 'PM5-5B', 100: 'PM5-7B', 101: 'PM5-3A', 103: 'BM2-1A', 104: 'BM2-1B', 105: 'BM2-2A', 106: 'BM2-2B', 107: 'BM6-3A', 108: 'BM6-3B', 109: 'BM6-1A', 110: 'BM6-1B', 111: 'BM6-2A', 112: 'BM6-2B', 113: 'BM8-1', 114: 'BM8-2', 115: 'BM6-11A', 116: 'BM6-11B', 117: 'BM6-12A', 118: 'BM6-12B', 119: 'TM1', 120: 'TM2', 121: 'TM3', 122: 'TM4', 123: 'TM6', 124: 'TM8', 125: 'TM7', 126: 'TM5'}
start time is :  2023-12-08 10:52:50.961730
best_fitness 174
current time :  2023-12-08 10:52:51.010104
best_fitness 171
current time :  2023-12-08 10:52:51.055648
current time :  2023-12-08 10:52:51.101651
Machine: TM1  Time: 0  pick from: CM1-1-1
Machine: TM1  Time: 2  put to: BM2-1A
Machine: TM1  Time: 3  pick from: CM1-1-2
Machine: TM1  Time: 5  put to: BM2-1A
Machine: TM1  Time: 6  pick from: CM1-1-3
Machine: TM1  Time: 8  put to: BM2-1A
Machine: TM1  Time: 9  pick from: CM1-1-4
Machine: TM1  Time: 16  put to: BM2-1A
Machine: TM1  Time: 17  pick from: CM1-1-5
Machine: TM1  Time: 19  put to: BM2-1A
Machine: TM1  Time: 138  pick from: BM2-1A
Machine: TM1  Time: 140  put to: CM1-1-1
Machine: TM1  Time: 143  pick from: BM2-1A
Machine: TM1  Time: 145  put to: CM1-1-1
Machine: TM1  Time: 148  pick from: BM2-2A
Machine: TM1  Time: 150  put to: CM1-1-1
Machine: TM1  Time: 163  pick from: BM2-2A
Machine: TM1  Time: 165  put to: CM1-1-1
Machine: TM1  Time: 168  pick from: BM2-1A
Machine: TM1  Time: 170  put to: CM1-1-1
Machine: TM2  Time: 3  pick from: BM2-1A
Machine: TM2  Time: 5  put to: PM2-3A
Machine: TM2  Time: 6  pick from: BM2-1A
Machine: TM2  Time: 8  put to: PM2-4A
Machine: TM2  Time: 11  pick from: PM2-3A
Machine: TM2  Time: 13  put to: PM3-2A
Machine: TM2  Time: 14  pick from: PM2-4A
Machine: TM2  Time: 16  put to: PM3-2B
Machine: TM2  Time: 17  pick from: BM2-1A
Machine: TM2  Time: 19  put to: PM2-5A
Machine: TM2  Time: 20  pick from: BM2-1A
Machine: TM2  Time: 22  put to: PM2-3A
Machine: TM2  Time: 25  pick from: PM2-5A
Machine: TM2  Time: 27  put to: PM3-2A
Machine: TM2  Time: 28  pick from: PM2-3A
Machine: TM2  Time: 30  put to: PM3-3B
Machine: TM2  Time: 31  pick from: BM2-1A
Machine: TM2  Time: 33  put to: PM2-3A
Machine: TM2  Time: 35  pick from: PM3-3A
Machine: TM2  Time: 37  put to: PM4-2A
Machine: TM2  Time: 40  pick from: PM3-3A
Machine: TM2  Time: 42  put to: PM4-2B
Machine: TM2  Time: 43  pick from: PM2-3A
Machine: TM2  Time: 50  put to: PM3-3A
Machine: TM2  Time: 51  pick from: PM3-3A
Machine: TM2  Time: 53  put to: PM4-2A
Machine: TM2  Time: 54  pick from: PM3-2B
Machine: TM2  Time: 56  put to: PM4-2B
Machine: TM2  Time: 72  pick from: PM3-2A
Machine: TM2  Time: 74  put to: PM4-2A
Machine: TM2  Time: 135  pick from: PM5-3A
Machine: TM2  Time: 137  put to: BM2-1A
Machine: TM2  Time: 140  pick from: PM5-3B
Machine: TM2  Time: 142  put to: BM2-1A
Machine: TM2  Time: 145  pick from: PM5-3B
Machine: TM2  Time: 147  put to: BM2-2A
Machine: TM2  Time: 160  pick from: PM5-3A
Machine: TM2  Time: 162  put to: BM2-2A
Machine: TM2  Time: 165  pick from: PM5-3A
Machine: TM2  Time: 167  put to: BM2-1A
Machine: TM3  Time: 19  pick from: PM3-2A
Machine: TM3  Time: 21  put to: PM3-1A
Machine: TM3  Time: 22  pick from: PM3-2B
Machine: TM3  Time: 24  put to: PM3-4A
Machine: TM3  Time: 27  pick from: PM3-1A
Machine: TM3  Time: 29  put to: PM3-3A
Machine: TM3  Time: 30  pick from: PM3-4A
Machine: TM3  Time: 34  put to: PM3-3A
Machine: TM3  Time: 35  pick from: PM3-2A
Machine: TM3  Time: 37  put to: PM3-5A
Machine: TM3  Time: 38  pick from: PM3-3B
Machine: TM3  Time: 40  put to: PM3-1A
Machine: TM3  Time: 43  pick from: PM3-5A
Machine: TM3  Time: 45  put to: PM3-3A
Machine: TM3  Time: 46  pick from: PM3-1A
Machine: TM3  Time: 48  put to: PM3-2B
Machine: TM3  Time: 56  pick from: PM3-3A
Machine: TM3  Time: 58  put to: PM3-3B
Machine: TM3  Time: 64  pick from: PM3-3B
Machine: TM3  Time: 66  put to: PM3-2A
Machine: TM4  Time: 43  pick from: PM4-2A
Machine: TM4  Time: 45  put to: PM4-1A
Machine: TM4  Time: 48  pick from: PM4-2B
Machine: TM4  Time: 50  put to: PM4-4A
Machine: TM4  Time: 51  pick from: PM4-1A
Machine: TM4  Time: 53  put to: PM4-8A
Machine: TM4  Time: 56  pick from: PM4-4A
Machine: TM4  Time: 58  put to: PM4-8B
Machine: TM4  Time: 59  pick from: PM4-2A
Machine: TM4  Time: 61  put to: PM4-1A
Machine: TM4  Time: 62  pick from: PM4-2B
Machine: TM4  Time: 64  put to: PM4-7A
Machine: TM4  Time: 67  pick from: PM4-1A
Machine: TM4  Time: 69  put to: PM4-8A
Machine: TM4  Time: 70  pick from: PM4-7A
Machine: TM4  Time: 72  put to: PM4-8B
Machine: TM4  Time: 80  pick from: PM4-2A
Machine: TM4  Time: 82  put to: PM4-3B
Machine: TM4  Time: 88  pick from: PM4-3B
Machine: TM4  Time: 90  put to: PM4-8A
Machine: TM6  Time: 59  pick from: PM4-8A
Machine: TM6  Time: 61  put to: PM6-4A
Machine: TM6  Time: 64  pick from: PM4-8B
Machine: TM6  Time: 66  put to: PM6-5A
Machine: TM6  Time: 67  pick from: PM6-4A
Machine: TM6  Time: 69  put to: BM6-1A
Machine: TM6  Time: 72  pick from: PM6-5A
Machine: TM6  Time: 74  put to: BM6-1A
Machine: TM6  Time: 75  pick from: PM4-8A
Machine: TM6  Time: 77  put to: PM6-6A
Machine: TM6  Time: 78  pick from: PM4-8B
Machine: TM6  Time: 80  put to: PM6-7A
Machine: TM6  Time: 83  pick from: PM6-6A
Machine: TM6  Time: 85  put to: BM6-1A
Machine: TM6  Time: 86  pick from: PM6-7A
Machine: TM6  Time: 88  put to: BM6-11A
Machine: TM6  Time: 89  pick from: BM6-1A
Machine: TM6  Time: 91  put to: PM6-8A
Machine: TM6  Time: 94  pick from: BM6-1A
Machine: TM6  Time: 96  put to: PM6-9A
Machine: TM6  Time: 97  pick from: PM6-8A
Machine: TM6  Time: 99  put to: BM6-11A
Machine: TM6  Time: 102  pick from: PM6-9A
Machine: TM6  Time: 104  put to: BM6-11A
Machine: TM6  Time: 105  pick from: BM6-12A
Machine: TM6  Time: 107  put to: PM5-9B
Machine: TM6  Time: 108  pick from: PM4-8A
Machine: TM6  Time: 110  put to: PM6-4B
Machine: TM6  Time: 111  pick from: BM6-11A
Machine: TM6  Time: 113  put to: PM5-9A
Machine: TM6  Time: 116  pick from: BM6-11A
Machine: TM6  Time: 118  put to: PM5-9B
Machine: TM6  Time: 119  pick from: BM6-1A
Machine: TM6  Time: 121  put to: PM6-10A
Machine: TM6  Time: 122  pick from: PM6-4B
Machine: TM6  Time: 124  put to: BM6-11A
Machine: TM6  Time: 127  pick from: PM6-10A
Machine: TM6  Time: 129  put to: BM6-11A
Machine: TM6  Time: 136  pick from: BM6-12A
Machine: TM6  Time: 138  put to: PM5-9A
Machine: TM6  Time: 141  pick from: BM6-11A
Machine: TM6  Time: 143  put to: PM5-9A
Machine: TM8  Time: 70  pick from: BM6-1A
Machine: TM8  Time: 72  put to: PM8-3
Machine: TM8  Time: 75  pick from: BM6-1A
Machine: TM8  Time: 77  put to: PM8-4
Machine: TM8  Time: 78  pick from: PM8-3
Machine: TM8  Time: 80  put to: ExposerIn8-6
Machine: TM8  Time: 83  pick from: PM8-4
Machine: TM8  Time: 85  put to: ExposerOut8-7
Machine: TM8  Time: 86  pick from: ExposerIn8-6
Machine: TM8  Time: 88  put to: BM6-1A
Machine: TM8  Time: 91  pick from: ExposerOut8-7
Machine: TM8  Time: 93  put to: BM6-1A
Machine: TM8  Time: 94  pick from: BM6-1A
Machine: TM8  Time: 96  put to: PM8-5
Machine: TM8  Time: 102  pick from: PM8-5
Machine: TM8  Time: 104  put to: ExposerIn8-6
Machine: TM8  Time: 110  pick from: ExposerIn8-6
Machine: TM8  Time: 112  put to: BM6-1A
Machine: TM7  Time: 89  pick from: BM6-11A
Machine: TM7  Time: 91  put to: PM7-4A
Machine: TM7  Time: 97  pick from: PM7-4A
Machine: TM7  Time: 99  put to: BM6-12A
Machine: TM7  Time: 100  pick from: BM6-11A
Machine: TM7  Time: 102  put to: PM7-1A
Machine: TM7  Time: 105  pick from: BM6-11A
Machine: TM7  Time: 107  put to: PM7-2A
Machine: TM7  Time: 108  pick from: PM7-1A
Machine: TM7  Time: 110  put to: BM6-11A
Machine: TM7  Time: 113  pick from: PM7-2A
Machine: TM7  Time: 115  put to: BM6-11A
Machine: TM7  Time: 125  pick from: BM6-11A
Machine: TM7  Time: 127  put to: PM7-1B
Machine: TM7  Time: 130  pick from: BM6-11A
Machine: TM7  Time: 132  put to: PM7-3A
Machine: TM7  Time: 133  pick from: PM7-1B
Machine: TM7  Time: 135  put to: BM6-12A
Machine: TM7  Time: 138  pick from: PM7-3A
Machine: TM7  Time: 140  put to: BM6-11A
Machine: TM5  Time: 113  pick from: PM5-9B
Machine: TM5  Time: 115  put to: PM5-7A
Machine: TM5  Time: 119  pick from: PM5-9A
Machine: TM5  Time: 121  put to: PM5-1A
Machine: TM5  Time: 124  pick from: PM5-9B
Machine: TM5  Time: 126  put to: PM5-4A
Machine: TM5  Time: 127  pick from: PM5-1A
Machine: TM5  Time: 129  put to: PM5-3A
Machine: TM5  Time: 132  pick from: PM5-4A
Machine: TM5  Time: 134  put to: PM5-3B
Machine: TM5  Time: 135  pick from: PM5-7A
Machine: TM5  Time: 139  put to: PM5-3B
Machine: TM5  Time: 144  pick from: PM5-9A
Machine: TM5  Time: 146  put to: PM5-3B
Machine: TM5  Time: 149  pick from: PM5-9A
Machine: TM5  Time: 151  put to: PM5-5A
Machine: TM5  Time: 152  pick from: PM5-3B
Machine: TM5  Time: 154  put to: PM5-3A
Machine: TM5  Time: 157  pick from: PM5-5A
Machine: TM5  Time: 159  put to: PM5-3A
Traceback (most recent call last):
  File "D:/Mycode/pythonProject/pythonProject5/main.py", line 31, in <module>
    g.main(r.Processing_time, r.J, r.M_num, r.J_num, r.O_num, r.TM_num, r.group_name_index, r.elements_name)
  File "D:\Mycode\pythonProject\pythonProject5\GeneticA.py", line 344, in main
    self.print_Message_Flow(elements_name, type_index)
NameError: name 'type_index' is not defined
