CM_num:30
wafer_sum:25
group_elements_num {'CM1': 30, 'PG1': 10, 'PG2': 2, 'PG3': 8, 'PG4': 2, 'PG5': 2, 'PG6': 8, 'PG7': 2, 'PG8': 8, 'PG9': 6, 'PG10': 3, 'PG11': 2, 'PG12': 8, 'PG13': 2, 'PG14': 8, 'PG15': 2, 'BM2-1': 2, 'BM2-2': 2, 'BM6-3': 2, 'BM6-1': 2, 'BM6-2': 2, 'BM8-1': 1, 'BM8-2': 1, 'BM6-11': 2, 'BM6-12': 2, 'TM1': 1, 'TM2': 1, 'TM3': 1, 'TM4': 1, 'TM6': 1, 'TM8': 1, 'TM7': 1, 'TM5': 1}
group_elements_index {'CM1': 0, 'PG1': 30, 'PG2': 40, 'PG3': 42, 'PG4': 50, 'PG5': 52, 'PG6': 54, 'PG7': 62, 'PG8': 64, 'PG9': 72, 'PG10': 78, 'PG11': 81, 'PG12': 83, 'PG13': 91, 'PG14': 93, 'PG15': 101, 'BM2-1': 103, 'BM2-2': 105, 'BM6-3': 107, 'BM6-1': 109, 'BM6-2': 111, 'BM8-1': 113, 'BM8-2': 114, 'BM6-11': 115, 'BM6-12': 117, 'TM1': 119, 'TM2': 120, 'TM3': 121, 'TM4': 122, 'TM6': 123, 'TM8': 124, 'TM7': 125, 'TM5': 126}
all_elements_index {'CM1-1-1': 0, 'CM1-1-2': 1, 'CM1-1-3': 2, 'CM1-1-4': 3, 'CM1-1-5': 4, 'CM1-1-6': 5, 'CM1-1-7': 6, 'CM1-1-8': 7, 'CM1-1-9': 8, 'CM1-1-10': 9, 'CM1-1-11': 10, 'CM1-1-12': 11, 'CM1-1-13': 12, 'CM1-1-14': 13, 'CM1-1-15': 14, 'CM1-1-16': 15, 'CM1-1-17': 16, 'CM1-1-18': 17, 'CM1-1-19': 18, 'CM1-1-20': 19, 'CM1-1-21': 20, 'CM1-1-22': 21, 'CM1-1-23': 22, 'CM1-1-24': 23, 'CM1-1-25': 24, 'CM1-1-26': 25, 'CM1-1-27': 26, 'CM1-1-28': 27, 'CM1-1-29': 28, 'CM1-1-30': 29, 'PM2-3A': 30, 'PM2-4A': 31, 'PM2-5A': 32, 'PM2-6A': 33, 'PM2-7A': 34, 'PM2-3B': 35, 'PM2-4B': 36, 'PM2-5B': 37, 'PM2-6B': 38, 'PM2-7B': 39, 'PM3-2A': 40, 'PM3-2B': 41, 'PM3-1A': 42, 'PM3-4A': 43, 'PM3-5A': 44, 'PM3-7A': 45, 'PM3-3B': 51, 'PM3-4B': 47, 'PM3-5B': 48, 'PM3-7B': 49, 'PM3-3A': 50, 'PM4-2A': 52, 'PM4-2B': 53, 'PM4-1A': 54, 'PM4-4A': 55, 'PM4-5A': 56, 'PM4-7A': 57, 'PM4-3B': 58, 'PM4-4B': 59, 'PM4-5B': 60, 'PM4-7B': 61, 'PM4-8A': 62, 'PM4-8B': 63, 'PM6-4A': 64, 'PM6-5A': 65, 'PM6-6A': 66, 'PM6-7A': 67, 'PM6-4B': 68, 'PM6-5B': 69, 'PM6-6B': 70, 'PM6-7B': 71, 'PM6-8A': 72, 'PM6-9A': 73, 'PM6-10A': 74, 'PM6-8B': 75, 'PM6-9B': 76, 'PM6-10B': 77, 'PM8-3': 78, 'PM8-4': 79, 'PM8-5': 80, 'ExposerIn8-6': 81, 'ExposerOut8-7': 82, 'PM7-1A': 83, 'PM7-2A': 84, 'PM7-3A': 85, 'PM7-4A': 86, 'PM7-1B': 87, 'PM7-2B': 88, 'PM7-3B': 89, 'PM7-4B': 90, 'PM5-9A': 91, 'PM5-9B': 92, 'PM5-1A': 93, 'PM5-4A': 94, 'PM5-5A': 95, 'PM5-7A': 96, 'PM5-3B': 102, 'PM5-4B': 98, 'PM5-5B': 99, 'PM5-7B': 100, 'PM5-3A': 101, 'BM2-1A': 103, 'BM2-1B': 104, 'BM2-2A': 105, 'BM2-2B': 106, 'BM6-3A': 107, 'BM6-3B': 108, 'BM6-1A': 109, 'BM6-1B': 110, 'BM6-2A': 111, 'BM6-2B': 112, 'BM8-1': 113, 'BM8-2': 114, 'BM6-11A': 115, 'BM6-11B': 116, 'BM6-12A': 117, 'BM6-12B': 118, 'TM1': 119, 'TM2': 120, 'TM3': 121, 'TM4': 122, 'TM6': 123, 'TM8': 124, 'TM7': 125, 'TM5': 126}
all_elements_num 119
There are loops in the path:
CM1 BM2-1 PG1 PG4 PG3 PG2 PG5 PG6 PG7 PG8 BM6-11 PG12 BM6-12 PG13 PG14 PG15 BM2-2 CM1


127
45
25
975
{1: 45, 2: 45, 3: 45, 4: 45, 5: 45, 6: 45, 7: 45, 8: 45, 9: 45, 10: 45, 11: 35, 12: 35, 13: 35, 14: 35, 15: 35, 16: 35, 17: 35, 18: 35, 19: 35, 20: 35, 21: 35, 22: 35, 23: 35, 24: 35, 25: 35}
8
{0: 'CM1-1-1', 1: 'CM1-1-2', 2: 'CM1-1-3', 3: 'CM1-1-4', 4: 'CM1-1-5', 5: 'CM1-1-6', 6: 'CM1-1-7', 7: 'CM1-1-8', 8: 'CM1-1-9', 9: 'CM1-1-10', 10: 'CM1-1-11', 11: 'CM1-1-12', 12: 'CM1-1-13', 13: 'CM1-1-14', 14: 'CM1-1-15', 15: 'CM1-1-16', 16: 'CM1-1-17', 17: 'CM1-1-18', 18: 'CM1-1-19', 19: 'CM1-1-20', 20: 'CM1-1-21', 21: 'CM1-1-22', 22: 'CM1-1-23', 23: 'CM1-1-24', 24: 'CM1-1-25', 25: 'CM1-1-26', 26: 'CM1-1-27', 27: 'CM1-1-28', 28: 'CM1-1-29', 29: 'CM1-1-30', 30: 'PM2-3A', 31: 'PM2-4A', 32: 'PM2-5A', 33: 'PM2-6A', 34: 'PM2-7A', 35: 'PM2-3B', 36: 'PM2-4B', 37: 'PM2-5B', 38: 'PM2-6B', 39: 'PM2-7B', 40: 'PM3-2A', 41: 'PM3-2B', 42: 'PM3-1A', 43: 'PM3-4A', 44: 'PM3-5A', 45: 'PM3-7A', 51: 'PM3-3B', 47: 'PM3-4B', 48: 'PM3-5B', 49: 'PM3-7B', 50: 'PM3-3A', 52: 'PM4-2A', 53: 'PM4-2B', 54: 'PM4-1A', 55: 'PM4-4A', 56: 'PM4-5A', 57: 'PM4-7A', 58: 'PM4-3B', 59: 'PM4-4B', 60: 'PM4-5B', 61: 'PM4-7B', 62: 'PM4-8A', 63: 'PM4-8B', 64: 'PM6-4A', 65: 'PM6-5A', 66: 'PM6-6A', 67: 'PM6-7A', 68: 'PM6-4B', 69: 'PM6-5B', 70: 'PM6-6B', 71: 'PM6-7B', 72: 'PM6-8A', 73: 'PM6-9A', 74: 'PM6-10A', 75: 'PM6-8B', 76: 'PM6-9B', 77: 'PM6-10B', 78: 'PM8-3', 79: 'PM8-4', 80: 'PM8-5', 81: 'ExposerIn8-6', 82: 'ExposerOut8-7', 83: 'PM7-1A', 84: 'PM7-2A', 85: 'PM7-3A', 86: 'PM7-4A', 87: 'PM7-1B', 88: 'PM7-2B', 89: 'PM7-3B', 90: 'PM7-4B', 91: 'PM5-9A', 92: 'PM5-9B', 93: 'PM5-1A', 94: 'PM5-4A', 95: 'PM5-5A', 96: 'PM5-7A', 102: 'PM5-3B', 98: 'PM5-4B', 99: 'PM5-5B', 100: 'PM5-7B', 101: 'PM5-3A', 103: 'BM2-1A', 104: 'BM2-1B', 105: 'BM2-2A', 106: 'BM2-2B', 107: 'BM6-3A', 108: 'BM6-3B', 109: 'BM6-1A', 110: 'BM6-1B', 111: 'BM6-2A', 112: 'BM6-2B', 113: 'BM8-1', 114: 'BM8-2', 115: 'BM6-11A', 116: 'BM6-11B', 117: 'BM6-12A', 118: 'BM6-12B', 119: 'TM1', 120: 'TM2', 121: 'TM3', 122: 'TM4', 123: 'TM6', 124: 'TM8', 125: 'TM7', 126: 'TM5'}
start time is :  2023-12-08 09:35:36.221905
best_fitness 431
current time :  2023-12-08 09:35:36.737381
current time :  2023-12-08 09:35:37.024382
current time :  2023-12-08 09:35:37.285653
Machine: TM1  Time: 0  pick from: CM1-1-1
Machine: TM1  Time: 2  put to: BM2-1A
Machine: TM1  Time: 3  pick from: CM1-1-1
Machine: TM1  Time: 5  put to: BM2-1A
Machine: TM1  Time: 6  pick from: CM1-1-1
Machine: TM1  Time: 8  put to: BM2-1A
Machine: TM1  Time: 9  pick from: CM1-1-1
Machine: TM1  Time: 16  put to: BM2-1A
Machine: TM1  Time: 17  pick from: CM1-1-1
Machine: TM1  Time: 19  put to: BM2-1A
Machine: TM1  Time: 20  pick from: CM1-1-1
Machine: TM1  Time: 30  put to: BM2-1A
Machine: TM1  Time: 31  pick from: CM1-1-1
Machine: TM1  Time: 43  put to: BM2-1A
Machine: TM1  Time: 44  pick from: CM1-1-1
Machine: TM1  Time: 57  put to: BM2-1A
Machine: TM1  Time: 58  pick from: CM1-1-1
Machine: TM1  Time: 60  put to: BM2-1A
Machine: TM1  Time: 61  pick from: CM1-1-1
Machine: TM1  Time: 73  put to: BM2-1A
Machine: TM1  Time: 74  pick from: CM1-1-1
Machine: TM1  Time: 84  put to: BM2-1A
Machine: TM1  Time: 85  pick from: CM1-1-1
Machine: TM1  Time: 87  put to: BM2-1A
Machine: TM1  Time: 88  pick from: CM1-1-1
Machine: TM1  Time: 108  put to: BM2-1A
Machine: TM1  Time: 109  pick from: CM1-1-1
Machine: TM1  Time: 111  put to: BM2-1A
Machine: TM1  Time: 112  pick from: CM1-1-1
Machine: TM1  Time: 137  put to: BM2-1A
Machine: TM1  Time: 138  pick from: BM2-1A
Machine: TM1  Time: 140  put to: CM1-1-1
Machine: TM1  Time: 141  pick from: BM2-1A
Machine: TM1  Time: 143  put to: CM1-1-1
Machine: TM1  Time: 144  pick from: CM1-1-1
Machine: TM1  Time: 148  put to: BM2-1A
Machine: TM1  Time: 149  pick from: CM1-1-1
Machine: TM1  Time: 165  put to: BM2-1A
Machine: TM1  Time: 166  pick from: BM2-1A
Machine: TM1  Time: 168  put to: CM1-1-1
Machine: TM1  Time: 169  pick from: BM2-1A
Machine: TM1  Time: 171  put to: CM1-1-1
Machine: TM1  Time: 172  pick from: CM1-1-1
Machine: TM1  Time: 174  put to: BM2-1A
Machine: TM1  Time: 175  pick from: CM1-1-1
Machine: TM1  Time: 189  put to: BM2-1A
Machine: TM1  Time: 190  pick from: CM1-1-1
Machine: TM1  Time: 192  put to: BM2-1A
Machine: TM1  Time: 193  pick from: CM1-1-1
Machine: TM1  Time: 195  put to: BM2-1A
Machine: TM1  Time: 196  pick from: CM1-1-1
Machine: TM1  Time: 201  put to: BM2-1A
Machine: TM1  Time: 202  pick from: BM2-1A
Machine: TM1  Time: 204  put to: CM1-1-1
Machine: TM1  Time: 205  pick from: BM2-1A
Machine: TM1  Time: 207  put to: CM1-1-1
Machine: TM1  Time: 208  pick from: CM1-1-1
Machine: TM1  Time: 231  put to: BM2-1A
Machine: TM1  Time: 232  pick from: CM1-1-1
Machine: TM1  Time: 237  put to: BM2-1A
Machine: TM1  Time: 238  pick from: BM2-1A
Machine: TM1  Time: 240  put to: CM1-1-1
Machine: TM1  Time: 241  pick from: BM2-1A
Machine: TM1  Time: 243  put to: CM1-1-1
Machine: TM1  Time: 244  pick from: CM1-1-1
Machine: TM1  Time: 276  put to: BM2-1A
Machine: TM1  Time: 274  pick from: BM2-1A
Machine: TM1  Time: 279  put to: CM1-1-1
Machine: TM1  Time: 277  pick from: BM2-1A
Machine: TM1  Time: 290  put to: CM1-1-1
Machine: TM1  Time: 288  pick from: BM2-2A
Machine: TM1  Time: 293  put to: CM1-1-1
Machine: TM1  Time: 291  pick from: BM2-2A
Machine: TM1  Time: 293  put to: CM1-1-1
Machine: TM1  Time: 308  pick from: BM2-2A
Machine: TM1  Time: 310  put to: CM1-1-1
Machine: TM1  Time: 311  pick from: BM2-2A
Machine: TM1  Time: 313  put to: CM1-1-1
Machine: TM1  Time: 328  pick from: BM2-2A
Machine: TM1  Time: 330  put to: CM1-1-1
Machine: TM1  Time: 331  pick from: BM2-2A
Machine: TM1  Time: 333  put to: CM1-1-1
Machine: TM1  Time: 348  pick from: BM2-2A
Machine: TM1  Time: 350  put to: CM1-1-1
Machine: TM1  Time: 351  pick from: BM2-2A
Machine: TM1  Time: 353  put to: CM1-1-1
Machine: TM1  Time: 368  pick from: BM2-2A
Machine: TM1  Time: 370  put to: CM1-1-1
Machine: TM1  Time: 371  pick from: BM2-2A
Machine: TM1  Time: 373  put to: CM1-1-1
Machine: TM1  Time: 388  pick from: BM2-2A
Machine: TM1  Time: 390  put to: CM1-1-1
Machine: TM1  Time: 391  pick from: BM2-2A
Machine: TM1  Time: 393  put to: CM1-1-1
Machine: TM1  Time: 408  pick from: BM2-2A
Machine: TM1  Time: 410  put to: CM1-1-1
Machine: TM1  Time: 411  pick from: BM2-2A
Machine: TM1  Time: 413  put to: CM1-1-1
Machine: TM1  Time: 428  pick from: BM2-2A
Machine: TM1  Time: 430  put to: CM1-1-1
Machine: TM2  Time: 3  pick from: BM2-1A
Machine: TM2  Time: 5  put to: PM2-3A
Machine: TM2  Time: 6  pick from: BM2-1A
Machine: TM2  Time: 8  put to: PM2-4A
Machine: TM2  Time: 11  pick from: PM2-3A
Machine: TM2  Time: 13  put to: PM3-2A
Machine: TM2  Time: 14  pick from: PM2-4A
Machine: TM2  Time: 16  put to: PM3-2B
Machine: TM2  Time: 17  pick from: BM2-1A
Machine: TM2  Time: 19  put to: PM2-5A
Machine: TM2  Time: 20  pick from: BM2-1A
Machine: TM2  Time: 22  put to: PM2-6A
Machine: TM2  Time: 25  pick from: PM2-5A
Machine: TM2  Time: 27  put to: PM3-2A
Machine: TM2  Time: 28  pick from: PM2-6A
Machine: TM2  Time: 30  put to: PM3-2B
Machine: TM2  Time: 31  pick from: BM2-1A
Machine: TM2  Time: 33  put to: PM2-7A
Machine: TM2  Time: 35  pick from: PM3-3A
Machine: TM2  Time: 37  put to: PM4-2A
Machine: TM2  Time: 38  pick from: PM3-3B
Machine: TM2  Time: 40  put to: PM4-2B
Machine: TM2  Time: 41  pick from: PM2-7A
Machine: TM2  Time: 43  put to: PM3-2A
Machine: TM2  Time: 44  pick from: BM2-1A
Machine: TM2  Time: 46  put to: PM2-3B
Machine: TM2  Time: 49  pick from: PM3-3A
Machine: TM2  Time: 51  put to: PM4-2A
Machine: TM2  Time: 52  pick from: PM3-3B
Machine: TM2  Time: 54  put to: PM4-2B
Machine: TM2  Time: 55  pick from: PM2-3B
Machine: TM2  Time: 57  put to: PM3-2B
Machine: TM2  Time: 58  pick from: BM2-1A
Machine: TM2  Time: 60  put to: PM2-4B
Machine: TM2  Time: 61  pick from: BM2-1A
Machine: TM2  Time: 63  put to: PM2-5B
Machine: TM2  Time: 65  pick from: PM3-3A
Machine: TM2  Time: 67  put to: PM4-2A
Machine: TM2  Time: 68  pick from: PM2-4B
Machine: TM2  Time: 70  put to: PM3-2A
Machine: TM2  Time: 71  pick from: PM2-5B
Machine: TM2  Time: 73  put to: PM3-2B
Machine: TM2  Time: 74  pick from: BM2-1A
Machine: TM2  Time: 76  put to: PM2-6B
Machine: TM2  Time: 79  pick from: PM3-3B
Machine: TM2  Time: 81  put to: PM4-2B
Machine: TM2  Time: 82  pick from: PM2-6B
Machine: TM2  Time: 84  put to: PM3-2A
Machine: TM2  Time: 85  pick from: BM2-1A
Machine: TM2  Time: 87  put to: PM2-7B
Machine: TM2  Time: 88  pick from: BM2-1A
Machine: TM2  Time: 90  put to: PM2-3A
Machine: TM2  Time: 92  pick from: PM3-3A
Machine: TM2  Time: 94  put to: PM4-2A
Machine: TM2  Time: 95  pick from: PM3-3B
Machine: TM2  Time: 97  put to: PM4-2B
Machine: TM2  Time: 98  pick from: PM2-7B
Machine: TM2  Time: 100  put to: PM3-2B
Machine: TM2  Time: 101  pick from: PM2-3A
Machine: TM2  Time: 105  put to: PM3-3A
Machine: TM2  Time: 106  pick from: PM3-3A
Machine: TM2  Time: 108  put to: PM4-2A
Machine: TM2  Time: 109  pick from: BM2-1A
Machine: TM2  Time: 111  put to: PM2-4A
Machine: TM2  Time: 112  pick from: BM2-1A
Machine: TM2  Time: 114  put to: PM2-5A
Machine: TM2  Time: 117  pick from: PM2-4A
Machine: TM2  Time: 121  put to: PM3-3B
Machine: TM2  Time: 122  pick from: PM3-3B
Machine: TM2  Time: 124  put to: PM4-2B
Machine: TM2  Time: 127  pick from: PM3-2A
Machine: TM2  Time: 129  put to: PM4-2A
Machine: TM2  Time: 130  pick from: PM2-5A
Machine: TM2  Time: 132  put to: PM3-3A
Machine: TM2  Time: 135  pick from: PM5-3A
Machine: TM2  Time: 137  put to: BM2-1A
Machine: TM2  Time: 138  pick from: PM5-3B
Machine: TM2  Time: 140  put to: BM2-1A
Machine: TM2  Time: 143  pick from: PM3-2B
Machine: TM2  Time: 145  put to: PM4-2B
Machine: TM2  Time: 146  pick from: BM2-1A
Machine: TM2  Time: 148  put to: PM2-6A
Machine: TM2  Time: 149  pick from: BM2-1A
Machine: TM2  Time: 151  put to: PM2-7A
Machine: TM2  Time: 154  pick from: PM3-2A
Machine: TM2  Time: 156  put to: PM4-2A
Machine: TM2  Time: 157  pick from: PM2-6A
Machine: TM2  Time: 159  put to: PM3-3B
Machine: TM2  Time: 160  pick from: PM2-7A
Machine: TM2  Time: 162  put to: PM3-3A
Machine: TM2  Time: 163  pick from: PM5-3A
Machine: TM2  Time: 165  put to: BM2-1A
Machine: TM2  Time: 166  pick from: PM5-3B
Machine: TM2  Time: 168  put to: BM2-1A
Machine: TM2  Time: 169  pick from: BM2-1A
Machine: TM2  Time: 171  put to: PM2-3B
Machine: TM2  Time: 172  pick from: BM2-1A
Machine: TM2  Time: 174  put to: PM2-4B
Machine: TM2  Time: 177  pick from: PM2-3B
Machine: TM2  Time: 179  put to: PM3-3B
Machine: TM2  Time: 181  pick from: PM3-2B
Machine: TM2  Time: 183  put to: PM4-2B
Machine: TM2  Time: 184  pick from: PM3-2A
Machine: TM2  Time: 186  put to: PM4-2A
Machine: TM2  Time: 187  pick from: PM2-4B
Machine: TM2  Time: 189  put to: PM3-3A
Machine: TM2  Time: 190  pick from: BM2-1A
Machine: TM2  Time: 192  put to: PM2-5B
Machine: TM2  Time: 193  pick from: BM2-1A
Machine: TM2  Time: 195  put to: PM2-6B
Machine: TM2  Time: 196  pick from: BM2-1A
Machine: TM2  Time: 198  put to: PM2-7B
Machine: TM2  Time: 199  pick from: PM5-3A
Machine: TM2  Time: 201  put to: BM2-1A
Machine: TM2  Time: 202  pick from: PM5-3B
Machine: TM2  Time: 204  put to: BM2-1A
Machine: TM2  Time: 205  pick from: PM3-2B
Machine: TM2  Time: 216  put to: PM4-2B
Machine: TM2  Time: 217  pick from: PM3-2A
Machine: TM2  Time: 219  put to: PM4-2A
Machine: TM2  Time: 220  pick from: PM2-5B
Machine: TM2  Time: 222  put to: PM3-3B
Machine: TM2  Time: 223  pick from: PM2-6B
Machine: TM2  Time: 225  put to: PM3-3A
Machine: TM2  Time: 226  pick from: PM2-7B
Machine: TM2  Time: 228  put to: PM3-3B
Machine: TM2  Time: 229  pick from: BM2-1A
Machine: TM2  Time: 231  put to: PM2-3A
Machine: TM2  Time: 232  pick from: BM2-1A
Machine: TM2  Time: 234  put to: PM2-4A
Machine: TM2  Time: 235  pick from: PM5-3A
Machine: TM2  Time: 237  put to: BM2-1A
Machine: TM2  Time: 238  pick from: PM5-3B
Machine: TM2  Time: 240  put to: BM2-1A
Machine: TM2  Time: 241  pick from: PM2-3A
Machine: TM2  Time: 243  put to: PM3-3A
Machine: TM2  Time: 244  pick from: PM3-2B
Machine: TM2  Time: 252  put to: PM4-2B
Machine: TM2  Time: 253  pick from: PM3-2A
Machine: TM2  Time: 255  put to: PM4-2A
Machine: TM2  Time: 258  pick from: PM3-2B
Machine: TM2  Time: 272  put to: PM4-2B
Machine: TM2  Time: 271  pick from: PM5-3A
Machine: TM2  Time: 273  put to: BM2-1A
Machine: TM2  Time: 274  pick from: PM5-3B
Machine: TM2  Time: 276  put to: BM2-1A
Machine: TM2  Time: 277  pick from: PM3-2A
Machine: TM2  Time: 279  put to: PM4-2A
Machine: TM2  Time: 280  pick from: PM2-4A
Machine: TM2  Time: 282  put to: PM3-3B
Machine: TM2  Time: 285  pick from: PM5-3A
Machine: TM2  Time: 287  put to: BM2-2A
Machine: TM2  Time: 288  pick from: PM5-3B
Machine: TM2  Time: 290  put to: BM2-2A
Machine: TM2  Time: 291  pick from: BM2-1A
Machine: TM2  Time: 293  put to: PM2-5A
Machine: TM2  Time: 294  pick from: BM2-1A
Machine: TM2  Time: 296  put to: PM2-6A
Machine: TM2  Time: 299  pick from: PM2-5A
Machine: TM2  Time: 301  put to: PM3-3A
Machine: TM2  Time: 302  pick from: PM2-6A
Machine: TM2  Time: 304  put to: PM3-3B
Machine: TM2  Time: 305  pick from: PM5-3A
Machine: TM2  Time: 307  put to: BM2-2A
Machine: TM2  Time: 308  pick from: PM5-3B
Machine: TM2  Time: 310  put to: BM2-2A
Machine: TM2  Time: 311  pick from: PM3-2B
Machine: TM2  Time: 313  put to: PM4-2B
Machine: TM2  Time: 314  pick from: BM2-1A
Machine: TM2  Time: 316  put to: PM2-7A
Machine: TM2  Time: 322  pick from: PM2-7A
Machine: TM2  Time: 324  put to: PM3-3A
Machine: TM2  Time: 325  pick from: PM5-3A
Machine: TM2  Time: 327  put to: BM2-2A
Machine: TM2  Time: 328  pick from: PM5-3B
Machine: TM2  Time: 330  put to: BM2-2A
Machine: TM2  Time: 331  pick from: PM3-2A
Machine: TM2  Time: 333  put to: PM4-2A
Machine: TM2  Time: 334  pick from: PM3-2B
Machine: TM2  Time: 336  put to: PM4-2B
Machine: TM2  Time: 345  pick from: PM5-3A
Machine: TM2  Time: 347  put to: BM2-2A
Machine: TM2  Time: 348  pick from: PM5-3B
Machine: TM2  Time: 350  put to: BM2-2A
Machine: TM2  Time: 351  pick from: PM3-2A
Machine: TM2  Time: 353  put to: PM4-2A
Machine: TM2  Time: 365  pick from: PM5-3A
Machine: TM2  Time: 367  put to: BM2-2A
Machine: TM2  Time: 368  pick from: PM5-3B
Machine: TM2  Time: 370  put to: BM2-2A
Machine: TM2  Time: 385  pick from: PM5-3A
Machine: TM2  Time: 387  put to: BM2-2A
Machine: TM2  Time: 388  pick from: PM5-3B
Machine: TM2  Time: 390  put to: BM2-2A
Machine: TM2  Time: 405  pick from: PM5-3A
Machine: TM2  Time: 407  put to: BM2-2A
Machine: TM2  Time: 408  pick from: PM5-3B
Machine: TM2  Time: 410  put to: BM2-2A
Machine: TM2  Time: 425  pick from: PM5-3A
Machine: TM2  Time: 427  put to: BM2-2A
Machine: TM3  Time: 19  pick from: PM3-2A
Machine: TM3  Time: 21  put to: PM3-1A
Machine: TM3  Time: 22  pick from: PM3-2B
Machine: TM3  Time: 24  put to: PM3-4A
Machine: TM3  Time: 27  pick from: PM3-1A
Machine: TM3  Time: 29  put to: PM3-3A
Machine: TM3  Time: 30  pick from: PM3-4A
Machine: TM3  Time: 32  put to: PM3-3B
Machine: TM3  Time: 33  pick from: PM3-2A
Machine: TM3  Time: 35  put to: PM3-5A
Machine: TM3  Time: 36  pick from: PM3-2B
Machine: TM3  Time: 38  put to: PM3-7A
Machine: TM3  Time: 41  pick from: PM3-5A
Machine: TM3  Time: 43  put to: PM3-3A
Machine: TM3  Time: 44  pick from: PM3-7A
Machine: TM3  Time: 46  put to: PM3-3B
Machine: TM3  Time: 49  pick from: PM3-2A
Machine: TM3  Time: 51  put to: PM3-3B
Machine: TM3  Time: 57  pick from: PM3-3B
Machine: TM3  Time: 59  put to: PM3-3A
Machine: TM3  Time: 63  pick from: PM3-2B
Machine: TM3  Time: 65  put to: PM3-4B
Machine: TM3  Time: 71  pick from: PM3-4B
Machine: TM3  Time: 73  put to: PM3-3B
Machine: TM3  Time: 76  pick from: PM3-2A
Machine: TM3  Time: 78  put to: PM3-5B
Machine: TM3  Time: 79  pick from: PM3-2B
Machine: TM3  Time: 81  put to: PM3-7B
Machine: TM3  Time: 84  pick from: PM3-5B
Machine: TM3  Time: 86  put to: PM3-3A
Machine: TM3  Time: 87  pick from: PM3-7B
Machine: TM3  Time: 89  put to: PM3-3B
Machine: TM3  Time: 90  pick from: PM3-2A
Machine: TM3  Time: 92  put to: PM3-1A
Machine: TM3  Time: 98  pick from: PM3-1A
Machine: TM3  Time: 100  put to: PM3-3A
Machine: TM3  Time: 106  pick from: PM3-2B
Machine: TM3  Time: 108  put to: PM3-4A
Machine: TM3  Time: 111  pick from: PM3-3A
Machine: TM3  Time: 113  put to: PM3-5A
Machine: TM3  Time: 114  pick from: PM3-4A
Machine: TM3  Time: 116  put to: PM3-3B
Machine: TM3  Time: 119  pick from: PM3-5A
Machine: TM3  Time: 121  put to: PM3-2A
Machine: TM3  Time: 127  pick from: PM3-3B
Machine: TM3  Time: 129  put to: PM3-7A
Machine: TM3  Time: 135  pick from: PM3-7A
Machine: TM3  Time: 137  put to: PM3-2B
Machine: TM3  Time: 138  pick from: PM3-3A
Machine: TM3  Time: 140  put to: PM3-3B
Machine: TM3  Time: 146  pick from: PM3-3B
Machine: TM3  Time: 148  put to: PM3-2A
Machine: TM3  Time: 165  pick from: PM3-3B
Machine: TM3  Time: 167  put to: PM3-4B
Machine: TM3  Time: 168  pick from: PM3-3A
Machine: TM3  Time: 170  put to: PM3-5B
Machine: TM3  Time: 173  pick from: PM3-4B
Machine: TM3  Time: 175  put to: PM3-2B
Machine: TM3  Time: 176  pick from: PM3-5B
Machine: TM3  Time: 178  put to: PM3-2A
Machine: TM3  Time: 185  pick from: PM3-3B
Machine: TM3  Time: 187  put to: PM3-7B
Machine: TM3  Time: 193  pick from: PM3-7B
Machine: TM3  Time: 195  put to: PM3-2B
Machine: TM3  Time: 196  pick from: PM3-3A
Machine: TM3  Time: 198  put to: PM3-1A
Machine: TM3  Time: 204  pick from: PM3-1A
Machine: TM3  Time: 206  put to: PM3-2A
Machine: TM3  Time: 228  pick from: PM3-3B
Machine: TM3  Time: 230  put to: PM3-4A
Machine: TM3  Time: 231  pick from: PM3-3A
Machine: TM3  Time: 233  put to: PM3-5A
Machine: TM3  Time: 236  pick from: PM3-4A
Machine: TM3  Time: 238  put to: PM3-2B
Machine: TM3  Time: 239  pick from: PM3-5A
Machine: TM3  Time: 241  put to: PM3-2A
Machine: TM3  Time: 242  pick from: PM3-3B
Machine: TM3  Time: 244  put to: PM3-7A
Machine: TM3  Time: 250  pick from: PM3-7A
Machine: TM3  Time: 252  put to: PM3-2B
Machine: TM3  Time: 253  pick from: PM3-3A
Machine: TM3  Time: 255  put to: PM3-3B
Machine: TM3  Time: 261  pick from: PM3-3B
Machine: TM3  Time: 263  put to: PM3-2A
Machine: TM3  Time: 288  pick from: PM3-3B
Machine: TM3  Time: 290  put to: PM3-4B
Machine: TM3  Time: 296  pick from: PM3-4B
Machine: TM3  Time: 298  put to: PM3-2B
Machine: TM3  Time: 307  pick from: PM3-3A
Machine: TM3  Time: 309  put to: PM3-5B
Machine: TM3  Time: 310  pick from: PM3-3B
Machine: TM3  Time: 312  put to: PM3-7B
Machine: TM3  Time: 315  pick from: PM3-5B
Machine: TM3  Time: 317  put to: PM3-2A
Machine: TM3  Time: 318  pick from: PM3-7B
Machine: TM3  Time: 320  put to: PM3-2B
Machine: TM3  Time: 330  pick from: PM3-3A
Machine: TM3  Time: 332  put to: PM3-1A
Machine: TM3  Time: 338  pick from: PM3-1A
Machine: TM3  Time: 340  put to: PM3-2A
Machine: TM4  Time: 43  pick from: PM4-2A
Machine: TM4  Time: 45  put to: PM4-1A
Machine: TM4  Time: 46  pick from: PM4-2B
Machine: TM4  Time: 48  put to: PM4-4A
Machine: TM4  Time: 51  pick from: PM4-1A
Machine: TM4  Time: 53  put to: PM4-8A
Machine: TM4  Time: 54  pick from: PM4-4A
Machine: TM4  Time: 56  put to: PM4-8B
Machine: TM4  Time: 57  pick from: PM4-2A
Machine: TM4  Time: 59  put to: PM4-5A
Machine: TM4  Time: 60  pick from: PM4-2B
Machine: TM4  Time: 62  put to: PM4-7A
Machine: TM4  Time: 65  pick from: PM4-5A
Machine: TM4  Time: 67  put to: PM4-8A
Machine: TM4  Time: 68  pick from: PM4-7A
Machine: TM4  Time: 70  put to: PM4-8B
Machine: TM4  Time: 73  pick from: PM4-2A
Machine: TM4  Time: 75  put to: PM4-3B
Machine: TM4  Time: 81  pick from: PM4-3B
Machine: TM4  Time: 83  put to: PM4-8A
Machine: TM4  Time: 87  pick from: PM4-2B
Machine: TM4  Time: 89  put to: PM4-4B
Machine: TM4  Time: 95  pick from: PM4-4B
Machine: TM4  Time: 97  put to: PM4-8B
Machine: TM4  Time: 100  pick from: PM4-2A
Machine: TM4  Time: 102  put to: PM4-5B
Machine: TM4  Time: 103  pick from: PM4-2B
Machine: TM4  Time: 105  put to: PM4-7B
Machine: TM4  Time: 108  pick from: PM4-5B
Machine: TM4  Time: 110  put to: PM4-8A
Machine: TM4  Time: 111  pick from: PM4-7B
Machine: TM4  Time: 113  put to: PM4-8B
Machine: TM4  Time: 114  pick from: PM4-2A
Machine: TM4  Time: 116  put to: PM4-1A
Machine: TM4  Time: 122  pick from: PM4-1A
Machine: TM4  Time: 144  put to: PM4-8A
Machine: TM4  Time: 145  pick from: PM4-2B
Machine: TM4  Time: 147  put to: PM4-4A
Machine: TM4  Time: 148  pick from: PM4-2A
Machine: TM4  Time: 150  put to: PM4-5A
Machine: TM4  Time: 153  pick from: PM4-4A
Machine: TM4  Time: 155  put to: PM4-8B
Machine: TM4  Time: 156  pick from: PM4-5A
Machine: TM4  Time: 180  put to: PM4-8A
Machine: TM4  Time: 181  pick from: PM4-2B
Machine: TM4  Time: 183  put to: PM4-7A
Machine: TM4  Time: 184  pick from: PM4-2A
Machine: TM4  Time: 186  put to: PM4-3B
Machine: TM4  Time: 189  pick from: PM4-7A
Machine: TM4  Time: 191  put to: PM4-8B
Machine: TM4  Time: 192  pick from: PM4-3B
Machine: TM4  Time: 216  put to: PM4-8A
Machine: TM4  Time: 217  pick from: PM4-2B
Machine: TM4  Time: 219  put to: PM4-4B
Machine: TM4  Time: 220  pick from: PM4-2A
Machine: TM4  Time: 222  put to: PM4-5B
Machine: TM4  Time: 225  pick from: PM4-4B
Machine: TM4  Time: 227  put to: PM4-8B
Machine: TM4  Time: 228  pick from: PM4-5B
Machine: TM4  Time: 252  put to: PM4-8A
Machine: TM4  Time: 253  pick from: PM4-2B
Machine: TM4  Time: 255  put to: PM4-7B
Machine: TM4  Time: 256  pick from: PM4-2A
Machine: TM4  Time: 258  put to: PM4-1A
Machine: TM4  Time: 261  pick from: PM4-7B
Machine: TM4  Time: 263  put to: PM4-8B
Machine: TM4  Time: 264  pick from: PM4-1A
Machine: TM4  Time: 272  put to: PM4-8A
Machine: TM4  Time: 273  pick from: PM4-2B
Machine: TM4  Time: 275  put to: PM4-4A
Machine: TM4  Time: 276  pick from: PM4-2A
Machine: TM4  Time: 278  put to: PM4-5A
Machine: TM4  Time: 281  pick from: PM4-4A
Machine: TM4  Time: 283  put to: PM4-8B
Machine: TM4  Time: 284  pick from: PM4-5A
Machine: TM4  Time: 292  put to: PM4-8A
Machine: TM4  Time: 293  pick from: PM4-2B
Machine: TM4  Time: 295  put to: PM4-7A
Machine: TM4  Time: 296  pick from: PM4-2A
Machine: TM4  Time: 298  put to: PM4-3B
Machine: TM4  Time: 301  pick from: PM4-7A
Machine: TM4  Time: 303  put to: PM4-8B
Machine: TM4  Time: 304  pick from: PM4-3B
Machine: TM4  Time: 312  put to: PM4-8A
Machine: TM4  Time: 319  pick from: PM4-2B
Machine: TM4  Time: 321  put to: PM4-4B
Machine: TM4  Time: 327  pick from: PM4-4B
Machine: TM4  Time: 329  put to: PM4-8B
Machine: TM4  Time: 339  pick from: PM4-2A
Machine: TM4  Time: 341  put to: PM4-5B
Machine: TM4  Time: 342  pick from: PM4-2B
Machine: TM4  Time: 344  put to: PM4-7B
Machine: TM4  Time: 347  pick from: PM4-5B
Machine: TM4  Time: 349  put to: PM4-8A
Machine: TM4  Time: 350  pick from: PM4-7B
Machine: TM4  Time: 352  put to: PM4-8B
Machine: TM4  Time: 359  pick from: PM4-2A
Machine: TM4  Time: 361  put to: PM4-1A
Machine: TM4  Time: 367  pick from: PM4-1A
Machine: TM4  Time: 369  put to: PM4-8A
Machine: TM6  Time: 59  pick from: PM4-8A
Machine: TM6  Time: 61  put to: PM6-4A
Machine: TM6  Time: 62  pick from: PM4-8B
Machine: TM6  Time: 64  put to: PM6-5A
Machine: TM6  Time: 67  pick from: PM6-4A
Machine: TM6  Time: 69  put to: BM6-1A
Machine: TM6  Time: 70  pick from: PM6-5A
Machine: TM6  Time: 72  put to: BM6-1A
Machine: TM6  Time: 73  pick from: PM4-8A
Machine: TM6  Time: 75  put to: PM6-6A
Machine: TM6  Time: 76  pick from: PM4-8B
Machine: TM6  Time: 78  put to: PM6-7A
Machine: TM6  Time: 81  pick from: PM6-6A
Machine: TM6  Time: 83  put to: BM6-1A
Machine: TM6  Time: 84  pick from: PM6-7A
Machine: TM6  Time: 88  put to: BM6-1A
Machine: TM6  Time: 89  pick from: BM6-1A
Machine: TM6  Time: 91  put to: PM6-8A
Machine: TM6  Time: 92  pick from: BM6-1A
Machine: TM6  Time: 94  put to: PM6-9A
Machine: TM6  Time: 97  pick from: PM6-8A
Machine: TM6  Time: 99  put to: BM6-11A
Machine: TM6  Time: 100  pick from: PM6-9A
Machine: TM6  Time: 102  put to: BM6-11A
Machine: TM6  Time: 103  pick from: PM4-8A
Machine: TM6  Time: 105  put to: PM6-4B
Machine: TM6  Time: 106  pick from: PM4-8B
Machine: TM6  Time: 108  put to: PM6-5B
Machine: TM6  Time: 111  pick from: BM6-11A
Machine: TM6  Time: 113  put to: PM5-9A
Machine: TM6  Time: 114  pick from: BM6-11A
Machine: TM6  Time: 116  put to: PM5-9B
Machine: TM6  Time: 117  pick from: BM6-1A
Machine: TM6  Time: 119  put to: PM6-10A
Machine: TM6  Time: 120  pick from: BM6-1A
Machine: TM6  Time: 122  put to: PM6-8B
Machine: TM6  Time: 125  pick from: PM6-10A
Machine: TM6  Time: 127  put to: BM6-11A
Machine: TM6  Time: 128  pick from: PM6-8B
Machine: TM6  Time: 130  put to: BM6-11A
Machine: TM6  Time: 131  pick from: PM6-4B
Machine: TM6  Time: 133  put to: BM6-1A
Machine: TM6  Time: 134  pick from: PM6-5B
Machine: TM6  Time: 136  put to: BM6-1A
Machine: TM6  Time: 139  pick from: BM6-11A
Machine: TM6  Time: 141  put to: PM5-9A
Machine: TM6  Time: 142  pick from: BM6-11A
Machine: TM6  Time: 144  put to: PM5-9B
Machine: TM6  Time: 145  pick from: PM4-8A
Machine: TM6  Time: 147  put to: PM6-6B
Machine: TM6  Time: 148  pick from: PM4-8B
Machine: TM6  Time: 150  put to: PM6-7B
Machine: TM6  Time: 153  pick from: BM6-1A
Machine: TM6  Time: 155  put to: PM6-9B
Machine: TM6  Time: 156  pick from: BM6-1A
Machine: TM6  Time: 158  put to: PM6-10B
Machine: TM6  Time: 161  pick from: PM6-9B
Machine: TM6  Time: 163  put to: BM6-11A
Machine: TM6  Time: 164  pick from: PM6-10B
Machine: TM6  Time: 166  put to: BM6-11A
Machine: TM6  Time: 167  pick from: PM6-6B
Machine: TM6  Time: 169  put to: BM6-1A
Machine: TM6  Time: 170  pick from: PM6-7B
Machine: TM6  Time: 172  put to: BM6-1A
Machine: TM6  Time: 175  pick from: BM6-11A
Machine: TM6  Time: 177  put to: PM5-9A
Machine: TM6  Time: 178  pick from: BM6-11A
Machine: TM6  Time: 180  put to: PM5-9B
Machine: TM6  Time: 181  pick from: PM4-8A
Machine: TM6  Time: 183  put to: PM6-4A
Machine: TM6  Time: 184  pick from: PM4-8B
Machine: TM6  Time: 186  put to: PM6-5A
Machine: TM6  Time: 189  pick from: BM6-1A
Machine: TM6  Time: 191  put to: PM6-8A
Machine: TM6  Time: 192  pick from: BM6-1A
Machine: TM6  Time: 194  put to: PM6-9A
Machine: TM6  Time: 197  pick from: PM6-8A
Machine: TM6  Time: 199  put to: BM6-11A
Machine: TM6  Time: 200  pick from: PM6-9A
Machine: TM6  Time: 202  put to: BM6-11A
Machine: TM6  Time: 203  pick from: PM6-4A
Machine: TM6  Time: 205  put to: BM6-1A
Machine: TM6  Time: 206  pick from: PM6-5A
Machine: TM6  Time: 208  put to: BM6-1A
Machine: TM6  Time: 211  pick from: BM6-11A
Machine: TM6  Time: 213  put to: PM5-9A
Machine: TM6  Time: 214  pick from: BM6-11A
Machine: TM6  Time: 216  put to: PM5-9B
Machine: TM6  Time: 217  pick from: PM4-8A
Machine: TM6  Time: 219  put to: PM6-6A
Machine: TM6  Time: 220  pick from: PM4-8B
Machine: TM6  Time: 222  put to: PM6-7A
Machine: TM6  Time: 225  pick from: BM6-1A
Machine: TM6  Time: 227  put to: PM6-10A
Machine: TM6  Time: 228  pick from: BM6-1A
Machine: TM6  Time: 230  put to: PM6-8B
Machine: TM6  Time: 233  pick from: PM6-10A
Machine: TM6  Time: 235  put to: BM6-11A
Machine: TM6  Time: 236  pick from: PM6-8B
Machine: TM6  Time: 238  put to: BM6-11A
Machine: TM6  Time: 239  pick from: PM6-6A
Machine: TM6  Time: 241  put to: BM6-11A
Machine: TM6  Time: 242  pick from: PM6-7A
Machine: TM6  Time: 246  put to: BM6-11A
Machine: TM6  Time: 247  pick from: BM6-11A
Machine: TM6  Time: 249  put to: PM5-9A
Machine: TM6  Time: 250  pick from: BM6-11A
Machine: TM6  Time: 252  put to: PM5-9B
Machine: TM6  Time: 253  pick from: PM4-8A
Machine: TM6  Time: 255  put to: PM6-4B
Machine: TM6  Time: 256  pick from: PM4-8B
Machine: TM6  Time: 258  put to: PM6-5B
Machine: TM6  Time: 261  pick from: BM6-12A
Machine: TM6  Time: 263  put to: PM5-9A
Machine: TM6  Time: 264  pick from: BM6-12A
Machine: TM6  Time: 266  put to: PM5-9B
Machine: TM6  Time: 267  pick from: PM6-4B
Machine: TM6  Time: 269  put to: BM6-11A
Machine: TM6  Time: 270  pick from: PM6-5B
Machine: TM6  Time: 272  put to: BM6-11A
Machine: TM6  Time: 273  pick from: PM4-8A
Machine: TM6  Time: 275  put to: PM6-6B
Machine: TM6  Time: 276  pick from: PM4-8B
Machine: TM6  Time: 278  put to: PM6-7B
Machine: TM6  Time: 281  pick from: BM6-12A
Machine: TM6  Time: 283  put to: PM5-9A
Machine: TM6  Time: 284  pick from: BM6-12A
Machine: TM6  Time: 286  put to: PM5-9B
Machine: TM6  Time: 287  pick from: PM6-6B
Machine: TM6  Time: 289  put to: BM6-11A
Machine: TM6  Time: 290  pick from: PM6-7B
Machine: TM6  Time: 292  put to: BM6-11A
Machine: TM6  Time: 293  pick from: PM4-8A
Machine: TM6  Time: 295  put to: PM6-4A
Machine: TM6  Time: 296  pick from: PM4-8B
Machine: TM6  Time: 298  put to: PM6-5A
Machine: TM6  Time: 301  pick from: BM6-12A
Machine: TM6  Time: 303  put to: PM5-9A
Machine: TM6  Time: 304  pick from: BM6-12A
Machine: TM6  Time: 306  put to: PM5-9B
Machine: TM6  Time: 307  pick from: PM6-4A
Machine: TM6  Time: 309  put to: BM6-11A
Machine: TM6  Time: 310  pick from: PM6-5A
Machine: TM6  Time: 312  put to: BM6-11A
Machine: TM6  Time: 313  pick from: PM4-8A
Machine: TM6  Time: 315  put to: PM6-6A
Machine: TM6  Time: 316  pick from: PM4-8B
Machine: TM6  Time: 318  put to: PM6-7A
Machine: TM6  Time: 321  pick from: BM6-12A
Machine: TM6  Time: 323  put to: PM5-9A
Machine: TM6  Time: 324  pick from: BM6-12A
Machine: TM6  Time: 326  put to: PM5-9B
Machine: TM6  Time: 327  pick from: PM6-6A
Machine: TM6  Time: 329  put to: BM6-11A
Machine: TM6  Time: 330  pick from: PM6-7A
Machine: TM6  Time: 332  put to: BM6-11A
Machine: TM6  Time: 333  pick from: PM4-8A
Machine: TM6  Time: 335  put to: PM6-4B
Machine: TM6  Time: 336  pick from: PM4-8B
Machine: TM6  Time: 338  put to: PM6-5B
Machine: TM6  Time: 341  pick from: BM6-12A
Machine: TM6  Time: 343  put to: PM5-9A
Machine: TM6  Time: 344  pick from: BM6-12A
Machine: TM6  Time: 346  put to: PM5-9B
Machine: TM6  Time: 347  pick from: PM6-4B
Machine: TM6  Time: 349  put to: BM6-11A
Machine: TM6  Time: 350  pick from: PM6-5B
Machine: TM6  Time: 352  put to: BM6-11A
Machine: TM6  Time: 355  pick from: PM4-8A
Machine: TM6  Time: 357  put to: PM6-6B
Machine: TM6  Time: 358  pick from: PM4-8B
Machine: TM6  Time: 360  put to: PM6-7B
Machine: TM6  Time: 361  pick from: BM6-12A
Machine: TM6  Time: 363  put to: PM5-9A
Machine: TM6  Time: 364  pick from: BM6-12A
Machine: TM6  Time: 366  put to: PM5-9B
Machine: TM6  Time: 367  pick from: PM6-6B
Machine: TM6  Time: 369  put to: BM6-11A
Machine: TM6  Time: 370  pick from: PM6-7B
Machine: TM6  Time: 372  put to: BM6-11A
Machine: TM6  Time: 375  pick from: PM4-8A
Machine: TM6  Time: 377  put to: PM6-4A
Machine: TM6  Time: 381  pick from: BM6-12A
Machine: TM6  Time: 383  put to: PM5-9A
Machine: TM6  Time: 384  pick from: BM6-12A
Machine: TM6  Time: 386  put to: PM5-9B
Machine: TM6  Time: 387  pick from: PM6-4A
Machine: TM6  Time: 389  put to: BM6-11A
Machine: TM6  Time: 401  pick from: BM6-12A
Machine: TM6  Time: 403  put to: PM5-9A
Machine: TM8  Time: 70  pick from: BM6-1A
Machine: TM8  Time: 72  put to: PM8-3
Machine: TM8  Time: 73  pick from: BM6-1A
Machine: TM8  Time: 75  put to: PM8-4
Machine: TM8  Time: 78  pick from: PM8-3
Machine: TM8  Time: 80  put to: ExposerIn8-6
Machine: TM8  Time: 81  pick from: PM8-4
Machine: TM8  Time: 83  put to: ExposerOut8-7
Machine: TM8  Time: 86  pick from: ExposerIn8-6
Machine: TM8  Time: 88  put to: BM6-1A
Machine: TM8  Time: 89  pick from: ExposerOut8-7
Machine: TM8  Time: 91  put to: BM6-1A
Machine: TM8  Time: 92  pick from: BM6-1A
Machine: TM8  Time: 94  put to: PM8-5
Machine: TM8  Time: 95  pick from: BM6-1A
Machine: TM8  Time: 97  put to: PM8-3
Machine: TM8  Time: 100  pick from: PM8-5
Machine: TM8  Time: 102  put to: ExposerIn8-6
Machine: TM8  Time: 103  pick from: PM8-3
Machine: TM8  Time: 105  put to: ExposerOut8-7
Machine: TM8  Time: 108  pick from: ExposerIn8-6
Machine: TM8  Time: 110  put to: BM6-1A
Machine: TM8  Time: 111  pick from: ExposerOut8-7
Machine: TM8  Time: 116  put to: BM6-1A
Machine: TM8  Time: 134  pick from: BM6-1A
Machine: TM8  Time: 136  put to: PM8-4
Machine: TM8  Time: 137  pick from: BM6-1A
Machine: TM8  Time: 139  put to: PM8-5
Machine: TM8  Time: 142  pick from: PM8-4
Machine: TM8  Time: 144  put to: ExposerIn8-6
Machine: TM8  Time: 145  pick from: PM8-5
Machine: TM8  Time: 147  put to: ExposerOut8-7
Machine: TM8  Time: 150  pick from: ExposerIn8-6
Machine: TM8  Time: 152  put to: BM6-1A
Machine: TM8  Time: 153  pick from: ExposerOut8-7
Machine: TM8  Time: 155  put to: BM6-1A
Machine: TM8  Time: 170  pick from: BM6-1A
Machine: TM8  Time: 172  put to: PM8-3
Machine: TM8  Time: 173  pick from: BM6-1A
Machine: TM8  Time: 175  put to: PM8-4
Machine: TM8  Time: 178  pick from: PM8-3
Machine: TM8  Time: 180  put to: ExposerIn8-6
Machine: TM8  Time: 181  pick from: PM8-4
Machine: TM8  Time: 183  put to: ExposerOut8-7
Machine: TM8  Time: 186  pick from: ExposerIn8-6
Machine: TM8  Time: 188  put to: BM6-1A
Machine: TM8  Time: 189  pick from: ExposerOut8-7
Machine: TM8  Time: 191  put to: BM6-1A
Machine: TM8  Time: 206  pick from: BM6-1A
Machine: TM8  Time: 208  put to: PM8-5
Machine: TM8  Time: 209  pick from: BM6-1A
Machine: TM8  Time: 211  put to: PM8-3
Machine: TM8  Time: 214  pick from: PM8-5
Machine: TM8  Time: 216  put to: ExposerIn8-6
Machine: TM8  Time: 217  pick from: PM8-3
Machine: TM8  Time: 219  put to: ExposerOut8-7
Machine: TM8  Time: 222  pick from: ExposerIn8-6
Machine: TM8  Time: 224  put to: BM6-1A
Machine: TM8  Time: 225  pick from: ExposerOut8-7
Machine: TM8  Time: 227  put to: BM6-1A
Machine: TM7  Time: 100  pick from: BM6-11A
Machine: TM7  Time: 102  put to: PM7-1A
Machine: TM7  Time: 103  pick from: BM6-11A
Machine: TM7  Time: 105  put to: PM7-2A
Machine: TM7  Time: 108  pick from: PM7-1A
Machine: TM7  Time: 110  put to: BM6-11A
Machine: TM7  Time: 111  pick from: PM7-2A
Machine: TM7  Time: 113  put to: BM6-11A
Machine: TM7  Time: 128  pick from: BM6-11A
Machine: TM7  Time: 130  put to: PM7-3A
Machine: TM7  Time: 131  pick from: BM6-11A
Machine: TM7  Time: 133  put to: PM7-4A
Machine: TM7  Time: 136  pick from: PM7-3A
Machine: TM7  Time: 138  put to: BM6-11A
Machine: TM7  Time: 139  pick from: PM7-4A
Machine: TM7  Time: 141  put to: BM6-11A
Machine: TM7  Time: 164  pick from: BM6-11A
Machine: TM7  Time: 166  put to: PM7-1B
Machine: TM7  Time: 167  pick from: BM6-11A
Machine: TM7  Time: 169  put to: PM7-2B
Machine: TM7  Time: 172  pick from: PM7-1B
Machine: TM7  Time: 174  put to: BM6-11A
Machine: TM7  Time: 175  pick from: PM7-2B
Machine: TM7  Time: 177  put to: BM6-11A
Machine: TM7  Time: 200  pick from: BM6-11A
Machine: TM7  Time: 202  put to: PM7-3B
Machine: TM7  Time: 203  pick from: BM6-11A
Machine: TM7  Time: 205  put to: PM7-4B
Machine: TM7  Time: 208  pick from: PM7-3B
Machine: TM7  Time: 210  put to: BM6-11A
Machine: TM7  Time: 211  pick from: PM7-4B
Machine: TM7  Time: 213  put to: BM6-11A
Machine: TM7  Time: 236  pick from: BM6-11A
Machine: TM7  Time: 238  put to: PM7-1A
Machine: TM7  Time: 239  pick from: BM6-11A
Machine: TM7  Time: 241  put to: PM7-2A
Machine: TM7  Time: 244  pick from: PM7-1A
Machine: TM7  Time: 246  put to: BM6-11A
Machine: TM7  Time: 247  pick from: PM7-2A
Machine: TM7  Time: 249  put to: BM6-11A
Machine: TM7  Time: 250  pick from: BM6-11A
Machine: TM7  Time: 252  put to: PM7-3A
Machine: TM7  Time: 253  pick from: BM6-11A
Machine: TM7  Time: 255  put to: PM7-4A
Machine: TM7  Time: 258  pick from: PM7-3A
Machine: TM7  Time: 260  put to: BM6-12A
Machine: TM7  Time: 261  pick from: PM7-4A
Machine: TM7  Time: 263  put to: BM6-12A
Machine: TM7  Time: 270  pick from: BM6-11A
Machine: TM7  Time: 272  put to: PM7-1B
Machine: TM7  Time: 273  pick from: BM6-11A
Machine: TM7  Time: 275  put to: PM7-2B
Machine: TM7  Time: 278  pick from: PM7-1B
Machine: TM7  Time: 280  put to: BM6-12A
Machine: TM7  Time: 281  pick from: PM7-2B
Machine: TM7  Time: 283  put to: BM6-12A
Machine: TM7  Time: 290  pick from: BM6-11A
Machine: TM7  Time: 292  put to: PM7-3B
Machine: TM7  Time: 293  pick from: BM6-11A
Machine: TM7  Time: 295  put to: PM7-4B
Machine: TM7  Time: 298  pick from: PM7-3B
Machine: TM7  Time: 300  put to: BM6-12A
Machine: TM7  Time: 301  pick from: PM7-4B
Machine: TM7  Time: 303  put to: BM6-12A
Machine: TM7  Time: 310  pick from: BM6-11A
Machine: TM7  Time: 312  put to: PM7-1A
Machine: TM7  Time: 313  pick from: BM6-11A
Machine: TM7  Time: 315  put to: PM7-2A
Machine: TM7  Time: 318  pick from: PM7-1A
Machine: TM7  Time: 320  put to: BM6-12A
Machine: TM7  Time: 321  pick from: PM7-2A
Machine: TM7  Time: 323  put to: BM6-12A
Machine: TM7  Time: 330  pick from: BM6-11A
Machine: TM7  Time: 332  put to: PM7-3A
Machine: TM7  Time: 333  pick from: BM6-11A
Machine: TM7  Time: 335  put to: PM7-4A
Machine: TM7  Time: 338  pick from: PM7-3A
Machine: TM7  Time: 340  put to: BM6-12A
Machine: TM7  Time: 341  pick from: PM7-4A
Machine: TM7  Time: 343  put to: BM6-12A
Machine: TM7  Time: 350  pick from: BM6-11A
Machine: TM7  Time: 352  put to: PM7-1B
Machine: TM7  Time: 353  pick from: BM6-11A
Machine: TM7  Time: 355  put to: PM7-2B
Machine: TM7  Time: 358  pick from: PM7-1B
Machine: TM7  Time: 360  put to: BM6-12A
Machine: TM7  Time: 361  pick from: PM7-2B
Machine: TM7  Time: 363  put to: BM6-12A
Machine: TM7  Time: 370  pick from: BM6-11A
Machine: TM7  Time: 372  put to: PM7-3B
Machine: TM7  Time: 373  pick from: BM6-11A
Machine: TM7  Time: 375  put to: PM7-4B
Machine: TM7  Time: 378  pick from: PM7-3B
Machine: TM7  Time: 380  put to: BM6-12A
Machine: TM7  Time: 381  pick from: PM7-4B
Machine: TM7  Time: 383  put to: BM6-12A
Machine: TM7  Time: 390  pick from: BM6-11A
Machine: TM7  Time: 392  put to: PM7-1A
Machine: TM7  Time: 398  pick from: PM7-1A
Machine: TM7  Time: 400  put to: BM6-12A
Machine: TM5  Time: 119  pick from: PM5-9A
Machine: TM5  Time: 121  put to: PM5-1A
Machine: TM5  Time: 122  pick from: PM5-9B
Machine: TM5  Time: 124  put to: PM5-4A
Machine: TM5  Time: 127  pick from: PM5-1A
Machine: TM5  Time: 129  put to: PM5-3A
Machine: TM5  Time: 130  pick from: PM5-4A
Machine: TM5  Time: 132  put to: PM5-3B
Machine: TM5  Time: 147  pick from: PM5-9A
Machine: TM5  Time: 149  put to: PM5-5A
Machine: TM5  Time: 150  pick from: PM5-9B
Machine: TM5  Time: 152  put to: PM5-7A
Machine: TM5  Time: 155  pick from: PM5-5A
Machine: TM5  Time: 157  put to: PM5-3A
Machine: TM5  Time: 158  pick from: PM5-7A
Machine: TM5  Time: 160  put to: PM5-3B
Machine: TM5  Time: 183  pick from: PM5-9A
Machine: TM5  Time: 185  put to: PM5-3B
Machine: TM5  Time: 186  pick from: PM5-9B
Machine: TM5  Time: 188  put to: PM5-4B
Machine: TM5  Time: 191  pick from: PM5-3B
Machine: TM5  Time: 193  put to: PM5-3A
Machine: TM5  Time: 194  pick from: PM5-4B
Machine: TM5  Time: 196  put to: PM5-3B
Machine: TM5  Time: 219  pick from: PM5-9A
Machine: TM5  Time: 221  put to: PM5-5B
Machine: TM5  Time: 222  pick from: PM5-9B
Machine: TM5  Time: 224  put to: PM5-7B
Machine: TM5  Time: 227  pick from: PM5-5B
Machine: TM5  Time: 229  put to: PM5-3A
Machine: TM5  Time: 230  pick from: PM5-7B
Machine: TM5  Time: 232  put to: PM5-3B
Machine: TM5  Time: 255  pick from: PM5-9A
Machine: TM5  Time: 257  put to: PM5-1A
Machine: TM5  Time: 258  pick from: PM5-9B
Machine: TM5  Time: 260  put to: PM5-4A
Machine: TM5  Time: 263  pick from: PM5-1A
Machine: TM5  Time: 265  put to: PM5-3A
Machine: TM5  Time: 266  pick from: PM5-4A
Machine: TM5  Time: 268  put to: PM5-3B
Machine: TM5  Time: 269  pick from: PM5-9A
Machine: TM5  Time: 271  put to: PM5-5A
Machine: TM5  Time: 272  pick from: PM5-9B
Machine: TM5  Time: 274  put to: PM5-7A
Machine: TM5  Time: 277  pick from: PM5-5A
Machine: TM5  Time: 279  put to: PM5-3A
Machine: TM5  Time: 280  pick from: PM5-7A
Machine: TM5  Time: 282  put to: PM5-3B
Machine: TM5  Time: 289  pick from: PM5-9A
Machine: TM5  Time: 291  put to: PM5-3B
Machine: TM5  Time: 292  pick from: PM5-9B
Machine: TM5  Time: 294  put to: PM5-4B
Machine: TM5  Time: 297  pick from: PM5-3B
Machine: TM5  Time: 299  put to: PM5-3A
Machine: TM5  Time: 300  pick from: PM5-4B
Machine: TM5  Time: 302  put to: PM5-3B
Machine: TM5  Time: 309  pick from: PM5-9A
Machine: TM5  Time: 311  put to: PM5-5B
Machine: TM5  Time: 312  pick from: PM5-9B
Machine: TM5  Time: 314  put to: PM5-7B
Machine: TM5  Time: 317  pick from: PM5-5B
Machine: TM5  Time: 319  put to: PM5-3A
Machine: TM5  Time: 320  pick from: PM5-7B
Machine: TM5  Time: 322  put to: PM5-3B
Machine: TM5  Time: 329  pick from: PM5-9A
Machine: TM5  Time: 331  put to: PM5-1A
Machine: TM5  Time: 332  pick from: PM5-9B
Machine: TM5  Time: 334  put to: PM5-4A
Machine: TM5  Time: 337  pick from: PM5-1A
Machine: TM5  Time: 339  put to: PM5-3A
Machine: TM5  Time: 340  pick from: PM5-4A
Machine: TM5  Time: 342  put to: PM5-3B
Machine: TM5  Time: 349  pick from: PM5-9A
Machine: TM5  Time: 351  put to: PM5-5A
Machine: TM5  Time: 352  pick from: PM5-9B
Machine: TM5  Time: 354  put to: PM5-7A
Machine: TM5  Time: 357  pick from: PM5-5A
Machine: TM5  Time: 359  put to: PM5-3A
Machine: TM5  Time: 360  pick from: PM5-7A
Machine: TM5  Time: 362  put to: PM5-3B
Machine: TM5  Time: 369  pick from: PM5-9A
Machine: TM5  Time: 371  put to: PM5-3B
Machine: TM5  Time: 372  pick from: PM5-9B
Machine: TM5  Time: 374  put to: PM5-4B
Machine: TM5  Time: 377  pick from: PM5-3B
Machine: TM5  Time: 379  put to: PM5-3A
Machine: TM5  Time: 380  pick from: PM5-4B
Machine: TM5  Time: 382  put to: PM5-3B
Machine: TM5  Time: 389  pick from: PM5-9A
Machine: TM5  Time: 391  put to: PM5-5B
Machine: TM5  Time: 392  pick from: PM5-9B
Machine: TM5  Time: 394  put to: PM5-7B
Machine: TM5  Time: 397  pick from: PM5-5B
Machine: TM5  Time: 399  put to: PM5-3A
Machine: TM5  Time: 400  pick from: PM5-7B
Machine: TM5  Time: 402  put to: PM5-3B
Machine: TM5  Time: 409  pick from: PM5-9A
Machine: TM5  Time: 411  put to: PM5-1A
Machine: TM5  Time: 417  pick from: PM5-1A
Machine: TM5  Time: 419  put to: PM5-3A
Running time :  1.129095 seconds
