CM_num:100
wafer_sum:25
group_elements_num {'CM1': 25, 'CM2': 25, 'CM3': 25, 'CM4': 25, 'PM1': 1, 'PM2': 1, 'PM3': 1, 'PM4': 1, 'PM5': 1, 'PM6': 1, 'PM7': 1, 'PM8': 1, 'PM9': 1, 'PM10': 1, 'PM11': 1, 'PM12': 1, 'PM13': 1, 'PM14': 1, 'PM15': 1, 'PM16': 1, 'PM17': 1, 'PM18': 1, 'PM19': 1, 'PM20': 1, 'PM21': 1, 'PM22': 1, 'PM23': 1, 'PM24': 1, 'PM25': 1, 'PM26': 1, 'PM27': 1, 'PM28': 1, 'PM29': 1, 'PM30': 1, 'PM31': 1, 'PM32': 1, 'PM33': 1, 'PM34': 1, 'PM35': 1, 'PM36': 1, 'PM37': 1, 'PM38': 1, 'PM39': 1, 'PM40': 1, 'PM41': 1, 'PM42': 1, 'PM43': 1, 'PM44': 1, 'PM45': 1, 'PM46': 1, 'PM47': 1, 'PM48': 1, 'PM49': 1, 'PM50': 1, 'PM51': 1, 'PM52': 1, 'PM53': 1, 'PM54': 1, 'PM55': 1, 'PM56': 1, 'PM57': 1, 'PM58': 1, 'PM59': 1, 'PM60': 1, 'PM61': 1, 'PM62': 1, 'PM63': 1, 'PM64': 1, 'PM65': 1, 'PM66': 1, 'PM67': 1, 'PM68': 1, 'PM69': 1, 'PM70': 1, 'PM71': 1, 'PM72': 1, 'PM73': 1, 'PM74': 1, 'PM75': 1, 'PM76': 1, 'PM77': 1, 'PM78': 1, 'PM79': 1, 'PM80': 1, 'PM81': 1, 'PM82': 1, 'PM83': 1, 'PM84': 1, 'PM85': 1, 'PM86': 1, 'PM87': 1, 'PM88': 1, 'PM89': 1, 'PM90': 1, 'PM91': 1, 'PM92': 1, 'PM93': 1, 'PM94': 1, 'PM95': 1, 'PM96': 1, 'PM97': 1, 'PM98': 1, 'BM1': 2, 'BM2': 2, 'BM3': 2, 'BM4': 2, 'BM5': 2, 'BM6': 2, 'BM7': 2, 'BM8': 2, 'BM9': 2, 'BM10': 2, 'BM11': 2, 'BM12': 2, 'BM13': 2, 'BM14': 2, 'BM15': 2, 'TM1': 2, 'TM2': 2, 'TM3': 2, 'TM4': 2, 'TM5': 2, 'TM6': 2, 'TM7': 2, 'TM8': 2}
group_elements_index {'CM1': 0, 'CM2': 25, 'CM3': 50, 'CM4': 75, 'PM1': 100, 'PM2': 101, 'PM3': 102, 'PM4': 103, 'PM5': 104, 'PM6': 105, 'PM7': 106, 'PM8': 107, 'PM9': 108, 'PM10': 109, 'PM11': 110, 'PM12': 111, 'PM13': 112, 'PM14': 113, 'PM15': 114, 'PM16': 115, 'PM17': 116, 'PM18': 117, 'PM19': 118, 'PM20': 119, 'PM21': 120, 'PM22': 121, 'PM23': 122, 'PM24': 123, 'PM25': 124, 'PM26': 125, 'PM27': 126, 'PM28': 127, 'PM29': 128, 'PM30': 129, 'PM31': 130, 'PM32': 131, 'PM33': 132, 'PM34': 133, 'PM35': 134, 'PM36': 135, 'PM37': 136, 'PM38': 137, 'PM39': 138, 'PM40': 139, 'PM41': 140, 'PM42': 141, 'PM43': 142, 'PM44': 143, 'PM45': 144, 'PM46': 145, 'PM47': 146, 'PM48': 147, 'PM49': 148, 'PM50': 149, 'PM51': 150, 'PM52': 151, 'PM53': 152, 'PM54': 153, 'PM55': 154, 'PM56': 155, 'PM57': 156, 'PM58': 157, 'PM59': 158, 'PM60': 159, 'PM61': 160, 'PM62': 161, 'PM63': 162, 'PM64': 163, 'PM65': 164, 'PM66': 165, 'PM67': 166, 'PM68': 167, 'PM69': 168, 'PM70': 169, 'PM71': 170, 'PM72': 171, 'PM73': 172, 'PM74': 173, 'PM75': 174, 'PM76': 175, 'PM77': 176, 'PM78': 177, 'PM79': 178, 'PM80': 179, 'PM81': 180, 'PM82': 181, 'PM83': 182, 'PM84': 183, 'PM85': 184, 'PM86': 185, 'PM87': 186, 'PM88': 187, 'PM89': 188, 'PM90': 189, 'PM91': 190, 'PM92': 191, 'PM93': 192, 'PM94': 193, 'PM95': 194, 'PM96': 195, 'PM97': 196, 'PM98': 197, 'BM1': 198, 'BM2': 200, 'BM3': 202, 'BM4': 204, 'BM5': 206, 'BM6': 208, 'BM7': 210, 'BM8': 212, 'BM9': 214, 'BM10': 216, 'BM11': 218, 'BM12': 220, 'BM13': 222, 'BM14': 224, 'BM15': 226, 'TM1': 228, 'TM2': 230, 'TM3': 232, 'TM4': 234, 'TM5': 236, 'TM6': 238, 'TM7': 240, 'TM8': 242}
all_elements_index {'CM1-1': 0, 'CM1-2': 1, 'CM1-3': 2, 'CM1-4': 3, 'CM1-5': 4, 'CM1-6': 5, 'CM1-7': 6, 'CM1-8': 7, 'CM1-9': 8, 'CM1-10': 9, 'CM1-11': 10, 'CM1-12': 11, 'CM1-13': 12, 'CM1-14': 13, 'CM1-15': 14, 'CM1-16': 15, 'CM1-17': 16, 'CM1-18': 17, 'CM1-19': 18, 'CM1-20': 19, 'CM1-21': 20, 'CM1-22': 21, 'CM1-23': 22, 'CM1-24': 23, 'CM1-25': 24, 'CM2-1': 25, 'CM2-2': 26, 'CM2-3': 27, 'CM2-4': 28, 'CM2-5': 29, 'CM2-6': 30, 'CM2-7': 31, 'CM2-8': 32, 'CM2-9': 33, 'CM2-10': 34, 'CM2-11': 35, 'CM2-12': 36, 'CM2-13': 37, 'CM2-14': 38, 'CM2-15': 39, 'CM2-16': 40, 'CM2-17': 41, 'CM2-18': 42, 'CM2-19': 43, 'CM2-20': 44, 'CM2-21': 45, 'CM2-22': 46, 'CM2-23': 47, 'CM2-24': 48, 'CM2-25': 49, 'CM3-1': 50, 'CM3-2': 51, 'CM3-3': 52, 'CM3-4': 53, 'CM3-5': 54, 'CM3-6': 55, 'CM3-7': 56, 'CM3-8': 57, 'CM3-9': 58, 'CM3-10': 59, 'CM3-11': 60, 'CM3-12': 61, 'CM3-13': 62, 'CM3-14': 63, 'CM3-15': 64, 'CM3-16': 65, 'CM3-17': 66, 'CM3-18': 67, 'CM3-19': 68, 'CM3-20': 69, 'CM3-21': 70, 'CM3-22': 71, 'CM3-23': 72, 'CM3-24': 73, 'CM3-25': 74, 'CM4-1': 75, 'CM4-2': 76, 'CM4-3': 77, 'CM4-4': 78, 'CM4-5': 79, 'CM4-6': 80, 'CM4-7': 81, 'CM4-8': 82, 'CM4-9': 83, 'CM4-10': 84, 'CM4-11': 85, 'CM4-12': 86, 'CM4-13': 87, 'CM4-14': 88, 'CM4-15': 89, 'CM4-16': 90, 'CM4-17': 91, 'CM4-18': 92, 'CM4-19': 93, 'CM4-20': 94, 'CM4-21': 95, 'CM4-22': 96, 'CM4-23': 97, 'CM4-24': 98, 'CM4-25': 99, 'PM1-1': 100, 'PM2-1': 101, 'PM3-1': 102, 'PM4-1': 103, 'PM5-1': 104, 'PM6-1': 105, 'PM7-1': 106, 'PM8-1': 107, 'PM9-1': 108, 'PM10-1': 109, 'PM11-1': 110, 'PM12-1': 111, 'PM13-1': 112, 'PM14-1': 113, 'PM15-1': 114, 'PM16-1': 115, 'PM17-1': 116, 'PM18-1': 117, 'PM19-1': 118, 'PM20-1': 119, 'PM21-1': 120, 'PM22-1': 121, 'PM23-1': 122, 'PM24-1': 123, 'PM25-1': 124, 'PM26-1': 125, 'PM27-1': 126, 'PM28-1': 127, 'PM29-1': 128, 'PM30-1': 129, 'PM31-1': 130, 'PM32-1': 131, 'PM33-1': 132, 'PM34-1': 133, 'PM35-1': 134, 'PM36-1': 135, 'PM37-1': 136, 'PM38-1': 137, 'PM39-1': 138, 'PM40-1': 139, 'PM41-1': 140, 'PM42-1': 141, 'PM43-1': 142, 'PM44-1': 143, 'PM45-1': 144, 'PM46-1': 145, 'PM47-1': 146, 'PM48-1': 147, 'PM49-1': 148, 'PM50-1': 149, 'PM51-1': 150, 'PM52-1': 151, 'PM53-1': 152, 'PM54-1': 153, 'PM55-1': 154, 'PM56-1': 155, 'PM57-1': 156, 'PM58-1': 157, 'PM59-1': 158, 'PM60-1': 159, 'PM61-1': 160, 'PM62-1': 161, 'PM63-1': 162, 'PM64-1': 163, 'PM65-1': 164, 'PM66-1': 165, 'PM67-1': 166, 'PM68-1': 167, 'PM69-1': 168, 'PM70-1': 169, 'PM71-1': 170, 'PM72-1': 171, 'PM73-1': 172, 'PM74-1': 173, 'PM75-1': 174, 'PM76-1': 175, 'PM77-1': 176, 'PM78-1': 177, 'PM79-1': 178, 'PM80-1': 179, 'PM81-1': 180, 'PM82-1': 181, 'PM83-1': 182, 'PM84-1': 183, 'PM85-1': 184, 'PM86-1': 185, 'PM87-1': 186, 'PM88-1': 187, 'PM89-1': 188, 'PM90-1': 189, 'PM91-1': 190, 'PM92-1': 191, 'PM93-1': 192, 'PM94-1': 193, 'PM95-1': 194, 'PM96-1': 195, 'PM97-1': 196, 'PM98-1': 197, 'BM1-1': 198, 'BM1-2': 199, 'BM2-1': 200, 'BM2-2': 201, 'BM3-1': 202, 'BM3-2': 203, 'BM4-1': 204, 'BM4-2': 205, 'BM5-1': 206, 'BM5-2': 207, 'BM6-1': 208, 'BM6-2': 209, 'BM7-1': 210, 'BM7-2': 211, 'BM8-1': 212, 'BM8-2': 213, 'BM9-1': 214, 'BM9-2': 215, 'BM10-1': 216, 'BM10-2': 217, 'BM11-1': 218, 'BM11-2': 219, 'BM12-1': 220, 'BM12-2': 221, 'BM13-1': 222, 'BM13-2': 223, 'BM14-1': 224, 'BM14-2': 225, 'BM15-1': 226, 'BM15-2': 227, 'TM1-1': 228, 'TM1-2': 229, 'TM2-1': 230, 'TM2-2': 231, 'TM3-1': 232, 'TM3-2': 233, 'TM4-1': 234, 'TM4-2': 235, 'TM5-1': 236, 'TM5-2': 237, 'TM6-1': 238, 'TM6-2': 239, 'TM7-1': 240, 'TM7-2': 241, 'TM8-1': 242, 'TM8-2': 243}
type_index {'CM': 0, 'CM_end': 99, 'PM': 100, 'PM_end': 197, 'BM': 198, 'BM_end': 227, 'TM': 228, 'TM_end': 243}
all_elements_num 228
TM_element_to_group {0: 0, 1: 0, 2: 1, 3: 1, 4: 2, 5: 2, 6: 3, 7: 3, 8: 4, 9: 4, 10: 5, 11: 5, 12: 6, 13: 6, 14: 7, 15: 7}
244
27
25
675
{1: 27, 2: 27, 3: 27, 4: 27, 5: 27, 6: 27, 7: 27, 8: 27, 9: 27, 10: 27, 11: 27, 12: 27, 13: 27, 14: 27, 15: 27, 16: 27, 17: 27, 18: 27, 19: 27, 20: 27, 21: 27, 22: 27, 23: 27, 24: 27, 25: 27}
8
{0: 'CM1-1', 1: 'CM1-2', 2: 'CM1-3', 3: 'CM1-4', 4: 'CM1-5', 5: 'CM1-6', 6: 'CM1-7', 7: 'CM1-8', 8: 'CM1-9', 9: 'CM1-10', 10: 'CM1-11', 11: 'CM1-12', 12: 'CM1-13', 13: 'CM1-14', 14: 'CM1-15', 15: 'CM1-16', 16: 'CM1-17', 17: 'CM1-18', 18: 'CM1-19', 19: 'CM1-20', 20: 'CM1-21', 21: 'CM1-22', 22: 'CM1-23', 23: 'CM1-24', 24: 'CM1-25', 25: 'CM2-1', 26: 'CM2-2', 27: 'CM2-3', 28: 'CM2-4', 29: 'CM2-5', 30: 'CM2-6', 31: 'CM2-7', 32: 'CM2-8', 33: 'CM2-9', 34: 'CM2-10', 35: 'CM2-11', 36: 'CM2-12', 37: 'CM2-13', 38: 'CM2-14', 39: 'CM2-15', 40: 'CM2-16', 41: 'CM2-17', 42: 'CM2-18', 43: 'CM2-19', 44: 'CM2-20', 45: 'CM2-21', 46: 'CM2-22', 47: 'CM2-23', 48: 'CM2-24', 49: 'CM2-25', 50: 'CM3-1', 51: 'CM3-2', 52: 'CM3-3', 53: 'CM3-4', 54: 'CM3-5', 55: 'CM3-6', 56: 'CM3-7', 57: 'CM3-8', 58: 'CM3-9', 59: 'CM3-10', 60: 'CM3-11', 61: 'CM3-12', 62: 'CM3-13', 63: 'CM3-14', 64: 'CM3-15', 65: 'CM3-16', 66: 'CM3-17', 67: 'CM3-18', 68: 'CM3-19', 69: 'CM3-20', 70: 'CM3-21', 71: 'CM3-22', 72: 'CM3-23', 73: 'CM3-24', 74: 'CM3-25', 75: 'CM4-1', 76: 'CM4-2', 77: 'CM4-3', 78: 'CM4-4', 79: 'CM4-5', 80: 'CM4-6', 81: 'CM4-7', 82: 'CM4-8', 83: 'CM4-9', 84: 'CM4-10', 85: 'CM4-11', 86: 'CM4-12', 87: 'CM4-13', 88: 'CM4-14', 89: 'CM4-15', 90: 'CM4-16', 91: 'CM4-17', 92: 'CM4-18', 93: 'CM4-19', 94: 'CM4-20', 95: 'CM4-21', 96: 'CM4-22', 97: 'CM4-23', 98: 'CM4-24', 99: 'CM4-25', 100: 'PM1-1', 101: 'PM2-1', 102: 'PM3-1', 103: 'PM4-1', 104: 'PM5-1', 105: 'PM6-1', 106: 'PM7-1', 107: 'PM8-1', 108: 'PM9-1', 109: 'PM10-1', 110: 'PM11-1', 111: 'PM12-1', 112: 'PM13-1', 113: 'PM14-1', 114: 'PM15-1', 115: 'PM16-1', 116: 'PM17-1', 117: 'PM18-1', 118: 'PM19-1', 119: 'PM20-1', 120: 'PM21-1', 121: 'PM22-1', 122: 'PM23-1', 123: 'PM24-1', 124: 'PM25-1', 125: 'PM26-1', 126: 'PM27-1', 127: 'PM28-1', 128: 'PM29-1', 129: 'PM30-1', 130: 'PM31-1', 131: 'PM32-1', 132: 'PM33-1', 133: 'PM34-1', 134: 'PM35-1', 135: 'PM36-1', 136: 'PM37-1', 137: 'PM38-1', 138: 'PM39-1', 139: 'PM40-1', 140: 'PM41-1', 141: 'PM42-1', 142: 'PM43-1', 143: 'PM44-1', 144: 'PM45-1', 145: 'PM46-1', 146: 'PM47-1', 147: 'PM48-1', 148: 'PM49-1', 149: 'PM50-1', 150: 'PM51-1', 151: 'PM52-1', 152: 'PM53-1', 153: 'PM54-1', 154: 'PM55-1', 155: 'PM56-1', 156: 'PM57-1', 157: 'PM58-1', 158: 'PM59-1', 159: 'PM60-1', 160: 'PM61-1', 161: 'PM62-1', 162: 'PM63-1', 163: 'PM64-1', 164: 'PM65-1', 165: 'PM66-1', 166: 'PM67-1', 167: 'PM68-1', 168: 'PM69-1', 169: 'PM70-1', 170: 'PM71-1', 171: 'PM72-1', 172: 'PM73-1', 173: 'PM74-1', 174: 'PM75-1', 175: 'PM76-1', 176: 'PM77-1', 177: 'PM78-1', 178: 'PM79-1', 179: 'PM80-1', 180: 'PM81-1', 181: 'PM82-1', 182: 'PM83-1', 183: 'PM84-1', 184: 'PM85-1', 185: 'PM86-1', 186: 'PM87-1', 187: 'PM88-1', 188: 'PM89-1', 189: 'PM90-1', 190: 'PM91-1', 191: 'PM92-1', 192: 'PM93-1', 193: 'PM94-1', 194: 'PM95-1', 195: 'PM96-1', 196: 'PM97-1', 197: 'PM98-1', 198: 'BM1-1', 199: 'BM1-2', 200: 'BM2-1', 201: 'BM2-2', 202: 'BM3-1', 203: 'BM3-2', 204: 'BM4-1', 205: 'BM4-2', 206: 'BM5-1', 207: 'BM5-2', 208: 'BM6-1', 209: 'BM6-2', 210: 'BM7-1', 211: 'BM7-2', 212: 'BM8-1', 213: 'BM8-2', 214: 'BM9-1', 215: 'BM9-2', 216: 'BM10-1', 217: 'BM10-2', 218: 'BM11-1', 219: 'BM11-2', 220: 'BM12-1', 221: 'BM12-2', 222: 'BM13-1', 223: 'BM13-2', 224: 'BM14-1', 225: 'BM14-2', 226: 'BM15-1', 227: 'BM15-2', 228: 'TM1-1', 229: 'TM1-2', 230: 'TM2-1', 231: 'TM2-2', 232: 'TM3-1', 233: 'TM3-2', 234: 'TM4-1', 235: 'TM4-2', 236: 'TM5-1', 237: 'TM5-2', 238: 'TM6-1', 239: 'TM6-2', 240: 'TM7-1', 241: 'TM7-2', 242: 'TM8-1', 243: 'TM8-2'}
start time is :  2023-12-18 21:17:27.421734
best_fitness 1071.0
current time :  2023-12-18 21:17:27.581781
Time: 269   PM93-1 : PREPARE_SEND
Time: 269   TM5-1 : PICK_WAFER
Time: 269   PM93-1 : POST_SEND
Time: 273   PM71-1 : PREPARE_RECV
Time: 273   TM5-1 : PLACE_WAFER
Time: 273   PM71-1 : POST_RECV
Time: 274   PM94-1 : PREPARE_SEND
Time: 274   TM5-1 : PICK_WAFER
Time: 274   PM94-1 : POST_SEND
Time: 278   PM72-1 : PREPARE_RECV
Time: 278   TM5-1 : PLACE_WAFER
Time: 278   PM72-1 : POST_RECV
Time: 279   PM95-1 : PREPARE_SEND
Time: 279   TM5-1 : PICK_WAFER
Time: 279   PM95-1 : POST_SEND
Time: 283   PM73-1 : PREPARE_RECV
Time: 283   TM5-1 : PLACE_WAFER
Time: 283   PM73-1 : POST_RECV
Time: 284   PM96-1 : PREPARE_SEND
Time: 284   TM5-1 : PICK_WAFER
Time: 284   PM96-1 : POST_SEND
Time: 284   PM71-1 : PREPARE_SEND
Time: 284   TM5-2 : PICK_WAFER
Time: 284   PM71-1 : POST_SEND
Time: 288   PM71-1 : PREPARE_RECV
Time: 288   TM5-1 : PLACE_WAFER
Time: 288   PM71-1 : POST_RECV
Time: 288   BM7-1 : PREPARE_RECV
Time: 288   TM5-2 : PLACE_WAFER
Time: 288   BM7-1 : POST_RECV
Time: 289   PM72-1 : PREPARE_SEND
Time: 289   TM5-2 : PICK_WAFER
Time: 289   PM72-1 : POST_SEND
Time: 293   BM7-2 : PREPARE_RECV
Time: 293   TM5-2 : PLACE_WAFER
Time: 293   BM7-2 : POST_RECV
Time: 294   PM73-1 : PREPARE_SEND
Time: 294   TM5-2 : PICK_WAFER
Time: 294   PM73-1 : POST_SEND
Time: 298   BM8-1 : PREPARE_RECV
Time: 298   TM5-2 : PLACE_WAFER
Time: 298   BM8-1 : POST_RECV
Time: 299   PM71-1 : PREPARE_SEND
Time: 299   TM5-2 : PICK_WAFER
Time: 299   PM71-1 : POST_SEND
Time: 303   BM8-2 : PREPARE_RECV
Time: 303   TM5-2 : PLACE_WAFER
Time: 303   BM8-2 : POST_RECV
Time: 314   PM93-1 : PREPARE_SEND
Time: 314   TM5-1 : PICK_WAFER
Time: 314   PM93-1 : POST_SEND
Time: 318   PM72-1 : PREPARE_RECV
Time: 318   TM5-1 : PLACE_WAFER
Time: 318   PM72-1 : POST_RECV
Time: 319   PM94-1 : PREPARE_SEND
Time: 319   TM5-1 : PICK_WAFER
Time: 319   PM94-1 : POST_SEND
Time: 323   PM73-1 : PREPARE_RECV
Time: 323   TM5-1 : PLACE_WAFER
Time: 323   PM73-1 : POST_RECV
Time: 324   BM11-1 : PREPARE_SEND
Time: 324   TM7-1 : PICK_WAFER
Time: 324   BM11-1 : POST_SEND
Time: 326   PM95-1 : PREPARE_SEND
Time: 326   TM5-1 : PICK_WAFER
Time: 326   PM95-1 : POST_SEND
Time: 326   PM11-1 : PREPARE_RECV
Time: 326   TM7-1 : PLACE_WAFER
Time: 326   PM11-1 : POST_RECV
Time: 329   PM72-1 : PREPARE_SEND
Time: 329   TM5-2 : PICK_WAFER
Time: 329   PM72-1 : POST_SEND
Time: 329   BM11-2 : PREPARE_SEND
Time: 329   TM7-1 : PICK_WAFER
Time: 329   BM11-2 : POST_SEND
Time: 330   PM71-1 : PREPARE_RECV
Time: 330   TM5-1 : PLACE_WAFER
Time: 330   PM71-1 : POST_RECV
Time: 331   PM96-1 : PREPARE_SEND
Time: 331   TM5-1 : PICK_WAFER
Time: 331   PM96-1 : POST_SEND
Time: 331   PM12-1 : PREPARE_RECV
Time: 331   TM7-1 : PLACE_WAFER
Time: 331   PM12-1 : POST_RECV
Time: 333   BM7-1 : PREPARE_RECV
Time: 333   TM5-2 : PLACE_WAFER
Time: 333   BM7-1 : POST_RECV
Time: 334   PM73-1 : PREPARE_SEND
Time: 334   TM5-2 : PICK_WAFER
Time: 334   PM73-1 : POST_SEND
Time: 335   PM72-1 : PREPARE_RECV
Time: 335   TM5-1 : PLACE_WAFER
Time: 335   PM72-1 : POST_RECV
Time: 338   BM7-2 : PREPARE_RECV
Time: 338   TM5-2 : PLACE_WAFER
Time: 338   BM7-2 : POST_RECV
Time: 341   PM71-1 : PREPARE_SEND
Time: 341   TM5-2 : PICK_WAFER
Time: 341   PM71-1 : POST_SEND
Time: 345   BM8-1 : PREPARE_RECV
Time: 345   TM5-2 : PLACE_WAFER
Time: 345   BM8-1 : POST_RECV
Time: 346   PM72-1 : PREPARE_SEND
Time: 346   TM5-2 : PICK_WAFER
Time: 346   PM72-1 : POST_SEND
Time: 349   BM11-1 : PREPARE_SEND
Time: 349   TM7-1 : PICK_WAFER
Time: 349   BM11-1 : POST_SEND
Time: 350   BM8-2 : PREPARE_RECV
Time: 350   TM5-2 : PLACE_WAFER
Time: 350   BM8-2 : POST_RECV
Time: 351   PM13-1 : PREPARE_RECV
Time: 351   TM7-1 : PLACE_WAFER
Time: 351   PM13-1 : POST_RECV
Time: 354   BM11-2 : PREPARE_SEND
Time: 354   TM7-2 : PICK_WAFER
Time: 354   BM11-2 : POST_SEND
Time: 356   PM14-1 : PREPARE_RECV
Time: 356   TM7-2 : PLACE_WAFER
Time: 356   PM14-1 : POST_RECV
Time: 359   PM93-1 : PREPARE_SEND
Time: 359   TM5-1 : PICK_WAFER
Time: 359   PM93-1 : POST_SEND
Time: 363   PM73-1 : PREPARE_RECV
Time: 363   TM5-1 : PLACE_WAFER
Time: 363   PM73-1 : POST_RECV
Time: 374   PM73-1 : PREPARE_SEND
Time: 374   TM5-2 : PICK_WAFER
Time: 374   PM73-1 : POST_SEND
Time: 374   BM11-1 : PREPARE_SEND
Time: 374   TM7-1 : PICK_WAFER
Time: 374   BM11-1 : POST_SEND
Time: 376   PM15-1 : PREPARE_RECV
Time: 376   TM7-1 : PLACE_WAFER
Time: 376   PM15-1 : POST_RECV
Time: 378   BM7-1 : PREPARE_RECV
Time: 378   TM5-2 : PLACE_WAFER
Time: 378   BM7-1 : POST_RECV
Time: 379   PM94-1 : PREPARE_SEND
Time: 379   TM5-1 : PICK_WAFER
Time: 379   PM94-1 : POST_SEND
Time: 379   BM11-2 : PREPARE_SEND
Time: 379   TM7-1 : PICK_WAFER
Time: 379   BM11-2 : POST_SEND
Time: 381   PM16-1 : PREPARE_RECV
Time: 381   TM7-1 : PLACE_WAFER
Time: 381   PM16-1 : POST_RECV
Time: 383   PM71-1 : PREPARE_RECV
Time: 383   TM5-1 : PLACE_WAFER
Time: 383   PM71-1 : POST_RECV
Time: 384   PM95-1 : PREPARE_SEND
Time: 384   TM5-1 : PICK_WAFER
Time: 384   PM95-1 : POST_SEND
Time: 388   PM72-1 : PREPARE_RECV
Time: 388   TM5-1 : PLACE_WAFER
Time: 388   PM72-1 : POST_RECV
Time: 394   PM71-1 : PREPARE_SEND
Time: 394   TM5-2 : PICK_WAFER
Time: 394   PM71-1 : POST_SEND
Time: 395   PM96-1 : PREPARE_SEND
Time: 395   TM5-1 : PICK_WAFER
Time: 395   PM96-1 : POST_SEND
Time: 398   BM7-2 : PREPARE_RECV
Time: 398   TM5-2 : PLACE_WAFER
Time: 398   BM7-2 : POST_RECV
Time: 399   PM73-1 : PREPARE_RECV
Time: 399   TM5-1 : PLACE_WAFER
Time: 399   PM73-1 : POST_RECV
Time: 399   PM72-1 : PREPARE_SEND
Time: 399   TM5-2 : PICK_WAFER
Time: 399   PM72-1 : POST_SEND
Time: 399   BM11-1 : PREPARE_SEND
Time: 399   TM7-1 : PICK_WAFER
Time: 399   BM11-1 : POST_SEND
Time: 401   PM17-1 : PREPARE_RECV
Time: 401   TM7-1 : PLACE_WAFER
Time: 401   PM17-1 : POST_RECV
Time: 402   PM11-1 : PREPARE_SEND
Time: 402   TM6-1 : PICK_WAFER
Time: 402   PM11-1 : POST_SEND
Time: 403   BM8-1 : PREPARE_RECV
Time: 403   TM5-2 : PLACE_WAFER
Time: 403   BM8-1 : POST_RECV
Time: 404   PM93-1 : PREPARE_SEND
Time: 404   TM5-1 : PICK_WAFER
Time: 404   PM93-1 : POST_SEND
Time: 404   PM85-1 : PREPARE_RECV
Time: 404   TM6-1 : PLACE_WAFER
Time: 404   PM85-1 : POST_RECV
Time: 404   BM11-2 : PREPARE_SEND
Time: 404   TM7-2 : PICK_WAFER
Time: 404   BM11-2 : POST_SEND
Time: 406   PM18-1 : PREPARE_RECV
Time: 406   TM7-2 : PLACE_WAFER
Time: 406   PM18-1 : POST_RECV
Time: 407   PM12-1 : PREPARE_SEND
Time: 407   TM6-2 : PICK_WAFER
Time: 407   PM12-1 : POST_SEND
Time: 408   PM71-1 : PREPARE_RECV
Time: 408   TM5-1 : PLACE_WAFER
Time: 408   PM71-1 : POST_RECV
Time: 409   PM86-1 : PREPARE_RECV
Time: 409   TM6-2 : PLACE_WAFER
Time: 409   PM86-1 : POST_RECV
Time: 410   PM73-1 : PREPARE_SEND
Time: 410   TM5-2 : PICK_WAFER
Time: 410   PM73-1 : POST_SEND
Time: 414   BM8-2 : PREPARE_RECV
Time: 414   TM5-2 : PLACE_WAFER
Time: 414   BM8-2 : POST_RECV
Time: 419   PM71-1 : PREPARE_SEND
Time: 419   TM5-2 : PICK_WAFER
Time: 419   PM71-1 : POST_SEND
Time: 423   BM7-1 : PREPARE_RECV
Time: 423   TM5-2 : PLACE_WAFER
Time: 423   BM7-1 : POST_RECV
Time: 424   PM94-1 : PREPARE_SEND
Time: 424   TM5-1 : PICK_WAFER
Time: 424   PM94-1 : POST_SEND
Time: 424   BM11-1 : PREPARE_SEND
Time: 424   TM7-1 : PICK_WAFER
Time: 424   BM11-1 : POST_SEND
Time: 426   PM19-1 : PREPARE_RECV
Time: 426   TM7-1 : PLACE_WAFER
Time: 426   PM19-1 : POST_RECV
Time: 427   PM13-1 : PREPARE_SEND
Time: 427   TM7-2 : PICK_WAFER
Time: 427   PM13-1 : POST_SEND
Time: 428   PM72-1 : PREPARE_RECV
Time: 428   TM5-1 : PLACE_WAFER
Time: 428   PM72-1 : POST_RECV
Time: 429   PM89-1 : PREPARE_RECV
Time: 429   TM7-2 : PLACE_WAFER
Time: 429   PM89-1 : POST_RECV
Time: 432   PM14-1 : PREPARE_SEND
Time: 432   TM6-1 : PICK_WAFER
Time: 432   PM14-1 : POST_SEND
Time: 434   PM90-1 : PREPARE_RECV
Time: 434   TM6-1 : PLACE_WAFER
Time: 434   PM90-1 : POST_RECV
Time: 434   BM11-2 : PREPARE_SEND
Time: 434   TM7-1 : PICK_WAFER
Time: 434   BM11-2 : POST_SEND
Time: 435   PM95-1 : PREPARE_SEND
Time: 435   TM5-1 : PICK_WAFER
Time: 435   PM95-1 : POST_SEND
Time: 436   PM20-1 : PREPARE_RECV
Time: 436   TM7-1 : PLACE_WAFER
Time: 436   PM20-1 : POST_RECV
Time: 439   PM73-1 : PREPARE_RECV
Time: 439   TM5-1 : PLACE_WAFER
Time: 439   PM73-1 : POST_RECV
Time: 439   PM72-1 : PREPARE_SEND
Time: 439   TM5-2 : PICK_WAFER
Time: 439   PM72-1 : POST_SEND
Time: 443   BM7-2 : PREPARE_RECV
Time: 443   TM5-2 : PLACE_WAFER
Time: 443   BM7-2 : POST_RECV
Time: 449   BM11-1 : PREPARE_SEND
Time: 449   TM7-1 : PICK_WAFER
Time: 449   BM11-1 : POST_SEND
Time: 450   PM73-1 : PREPARE_SEND
Time: 450   TM5-2 : PICK_WAFER
Time: 450   PM73-1 : POST_SEND
Time: 450   PM85-1 : PREPARE_SEND
Time: 450   TM6-2 : PICK_WAFER
Time: 450   PM85-1 : POST_SEND
Time: 451   PM11-1 : PREPARE_RECV
Time: 451   TM7-1 : PLACE_WAFER
Time: 451   PM11-1 : POST_RECV
Time: 452   PM15-1 : PREPARE_SEND
Time: 452   TM6-1 : PICK_WAFER
Time: 452   PM15-1 : POST_SEND
Time: 452   PM41-1 : PREPARE_RECV
Time: 452   TM6-2 : PLACE_WAFER
Time: 452   PM41-1 : POST_RECV
Time: 454   BM8-1 : PREPARE_RECV
Time: 454   TM5-2 : PLACE_WAFER
Time: 454   BM8-1 : POST_RECV
Time: 454   PM85-1 : PREPARE_RECV
Time: 454   TM6-1 : PLACE_WAFER
Time: 454   PM85-1 : POST_RECV
Time: 455   PM86-1 : PREPARE_SEND
Time: 455   TM7-2 : PICK_WAFER
Time: 455   PM86-1 : POST_SEND
Time: 457   PM16-1 : PREPARE_SEND
Time: 457   TM6-2 : PICK_WAFER
Time: 457   PM16-1 : POST_SEND
Time: 457   PM42-1 : PREPARE_RECV
Time: 457   TM7-2 : PLACE_WAFER
Time: 457   PM42-1 : POST_RECV
Time: 459   PM86-1 : PREPARE_RECV
Time: 459   TM6-2 : PLACE_WAFER
Time: 459   PM86-1 : POST_RECV
Time: 459   BM11-2 : PREPARE_SEND
Time: 459   TM7-2 : PICK_WAFER
Time: 459   BM11-2 : POST_SEND
Time: 460   PM96-1 : PREPARE_SEND
Time: 460   TM5-1 : PICK_WAFER
Time: 460   PM96-1 : POST_SEND
Time: 461   PM12-1 : PREPARE_RECV
Time: 461   TM7-2 : PLACE_WAFER
Time: 461   PM12-1 : POST_RECV
Time: 464   PM71-1 : PREPARE_RECV
Time: 464   TM5-1 : PLACE_WAFER
Time: 464   PM71-1 : POST_RECV
Time: 465   PM93-1 : PREPARE_SEND
Time: 465   TM5-1 : PICK_WAFER
Time: 465   PM93-1 : POST_SEND
Time: 469   PM72-1 : PREPARE_RECV
Time: 469   TM5-1 : PLACE_WAFER
Time: 469   PM72-1 : POST_RECV
Time: 470   PM94-1 : PREPARE_SEND
Time: 470   TM5-1 : PICK_WAFER
Time: 470   PM94-1 : POST_SEND
Time: 474   PM73-1 : PREPARE_RECV
Time: 474   TM5-1 : PLACE_WAFER
Time: 474   PM73-1 : POST_RECV
Time: 474   BM11-1 : PREPARE_SEND
Time: 474   TM7-1 : PICK_WAFER
Time: 474   BM11-1 : POST_SEND
Time: 475   PM71-1 : PREPARE_SEND
Time: 475   TM5-2 : PICK_WAFER
Time: 475   PM71-1 : POST_SEND
Time: 475   PM89-1 : PREPARE_SEND
Time: 475   TM6-1 : PICK_WAFER
Time: 475   PM89-1 : POST_SEND
Time: 476   PM13-1 : PREPARE_RECV
Time: 476   TM7-1 : PLACE_WAFER
Time: 476   PM13-1 : POST_RECV
Time: 477   PM43-1 : PREPARE_RECV
Time: 477   TM6-1 : PLACE_WAFER
Time: 477   PM43-1 : POST_RECV
Time: 477   PM17-1 : PREPARE_SEND
Time: 477   TM7-2 : PICK_WAFER
Time: 477   PM17-1 : POST_SEND
Time: 479   BM8-2 : PREPARE_RECV
Time: 479   TM5-2 : PLACE_WAFER
Time: 479   BM8-2 : POST_RECV
Time: 479   PM89-1 : PREPARE_RECV
Time: 479   TM7-2 : PLACE_WAFER
Time: 479   PM89-1 : POST_RECV
Time: 480   PM72-1 : PREPARE_SEND
Time: 480   TM5-2 : PICK_WAFER
Time: 480   PM72-1 : POST_SEND
Time: 480   PM90-1 : PREPARE_SEND
Time: 480   TM6-2 : PICK_WAFER
Time: 480   PM90-1 : POST_SEND
Time: 482   PM18-1 : PREPARE_SEND
Time: 482   TM6-1 : PICK_WAFER
Time: 482   PM18-1 : POST_SEND
Time: 482   PM44-1 : PREPARE_RECV
Time: 482   TM6-2 : PLACE_WAFER
Time: 482   PM44-1 : POST_RECV
Time: 484   BM7-1 : PREPARE_RECV
Time: 484   TM5-2 : PLACE_WAFER
Time: 484   BM7-1 : POST_RECV
Time: 484   PM90-1 : PREPARE_RECV
Time: 484   TM6-1 : PLACE_WAFER
Time: 484   PM90-1 : POST_RECV
Time: 484   BM11-2 : PREPARE_SEND
Time: 484   TM7-1 : PICK_WAFER
Time: 484   BM11-2 : POST_SEND
Time: 485   PM73-1 : PREPARE_SEND
Time: 485   TM5-2 : PICK_WAFER
Time: 485   PM73-1 : POST_SEND
Time: 486   PM14-1 : PREPARE_RECV
Time: 486   TM7-1 : PLACE_WAFER
Time: 486   PM14-1 : POST_RECV
Time: 489   PM95-1 : PREPARE_SEND
Time: 489   TM5-1 : PICK_WAFER
Time: 489   PM95-1 : POST_SEND
Time: 489   BM7-2 : PREPARE_RECV
Time: 489   TM5-2 : PLACE_WAFER
Time: 489   BM7-2 : POST_RECV
Time: 493   PM71-1 : PREPARE_RECV
Time: 493   TM5-1 : PLACE_WAFER
Time: 493   PM71-1 : POST_RECV
Time: 499   BM11-1 : PREPARE_SEND
Time: 499   TM7-1 : PICK_WAFER
Time: 499   BM11-1 : POST_SEND
Time: 500   PM85-1 : PREPARE_SEND
Time: 500   TM6-2 : PICK_WAFER
Time: 500   PM85-1 : POST_SEND
Time: 501   PM15-1 : PREPARE_RECV
Time: 501   TM7-1 : PLACE_WAFER
Time: 501   PM15-1 : POST_RECV
Time: 502   PM19-1 : PREPARE_SEND
Time: 502   TM6-1 : PICK_WAFER
Time: 502   PM19-1 : POST_SEND
Time: 502   PM45-1 : PREPARE_RECV
Time: 502   TM6-2 : PLACE_WAFER
Time: 502   PM45-1 : POST_RECV
Time: 504   PM71-1 : PREPARE_SEND
Time: 504   TM5-2 : PICK_WAFER
Time: 504   PM71-1 : POST_SEND
Time: 504   PM85-1 : PREPARE_RECV
Time: 504   TM6-1 : PLACE_WAFER
Time: 504   PM85-1 : POST_RECV
Time: 505   PM86-1 : PREPARE_SEND
Time: 505   TM7-2 : PICK_WAFER
Time: 505   PM86-1 : POST_SEND
Time: 507   PM96-1 : PREPARE_SEND
Time: 507   TM5-1 : PICK_WAFER
Time: 507   PM96-1 : POST_SEND
Time: 507   PM46-1 : PREPARE_RECV
Time: 507   TM7-2 : PLACE_WAFER
Time: 507   PM46-1 : POST_RECV
Time: 508   BM8-1 : PREPARE_RECV
Time: 508   TM5-2 : PLACE_WAFER
Time: 508   BM8-1 : POST_RECV
Time: 511   PM72-1 : PREPARE_RECV
Time: 511   TM5-1 : PLACE_WAFER
Time: 511   PM72-1 : POST_RECV
Time: 512   PM93-1 : PREPARE_SEND
Time: 512   TM5-1 : PICK_WAFER
Time: 512   PM93-1 : POST_SEND
Time: 512   PM20-1 : PREPARE_SEND
Time: 512   TM6-2 : PICK_WAFER
Time: 512   PM20-1 : POST_SEND
Time: 514   PM86-1 : PREPARE_RECV
Time: 514   TM6-2 : PLACE_WAFER
Time: 514   PM86-1 : POST_RECV
Time: 515   BM11-2 : PREPARE_SEND
Time: 515   TM7-2 : PICK_WAFER
Time: 515   BM11-2 : POST_SEND
Time: 516   PM73-1 : PREPARE_RECV
Time: 516   TM5-1 : PLACE_WAFER
Time: 516   PM73-1 : POST_RECV
Time: 517   PM16-1 : PREPARE_RECV
Time: 517   TM7-2 : PLACE_WAFER
Time: 517   PM16-1 : POST_RECV
Time: 522   PM72-1 : PREPARE_SEND
Time: 522   TM5-2 : PICK_WAFER
Time: 522   PM72-1 : POST_SEND
Time: 524   BM11-1 : PREPARE_SEND
Time: 524   TM7-1 : PICK_WAFER
Time: 524   BM11-1 : POST_SEND
Time: 525   PM89-1 : PREPARE_SEND
Time: 525   TM6-1 : PICK_WAFER
Time: 525   PM89-1 : POST_SEND
Time: 526   BM8-2 : PREPARE_RECV
Time: 526   TM5-2 : PLACE_WAFER
Time: 526   BM8-2 : POST_RECV
Time: 526   PM17-1 : PREPARE_RECV
Time: 526   TM7-1 : PLACE_WAFER
Time: 526   PM17-1 : POST_RECV
Time: 527   PM73-1 : PREPARE_SEND
Time: 527   TM5-2 : PICK_WAFER
Time: 527   PM73-1 : POST_SEND
Time: 527   PM47-1 : PREPARE_RECV
Time: 527   TM6-1 : PLACE_WAFER
Time: 527   PM47-1 : POST_RECV
Time: 527   PM11-1 : PREPARE_SEND
Time: 527   TM7-2 : PICK_WAFER
Time: 527   PM11-1 : POST_SEND
Time: 529   PM89-1 : PREPARE_RECV
Time: 529   TM7-2 : PLACE_WAFER
Time: 529   PM89-1 : POST_RECV
Time: 530   PM90-1 : PREPARE_SEND
Time: 530   TM6-2 : PICK_WAFER
Time: 530   PM90-1 : POST_SEND
Time: 531   BM7-1 : PREPARE_RECV
Time: 531   TM5-2 : PLACE_WAFER
Time: 531   BM7-1 : POST_RECV
Time: 532   PM48-1 : PREPARE_RECV
Time: 532   TM6-2 : PLACE_WAFER
Time: 532   PM48-1 : POST_RECV
Time: 534   PM95-1 : PREPARE_SEND
Time: 534   TM5-1 : PICK_WAFER
Time: 534   PM95-1 : POST_SEND
Time: 537   PM12-1 : PREPARE_SEND
Time: 537   TM6-1 : PICK_WAFER
Time: 537   PM12-1 : POST_SEND
Time: 538   PM72-1 : PREPARE_RECV
Time: 538   TM5-1 : PLACE_WAFER
Time: 538   PM72-1 : POST_RECV
Time: 539   PM90-1 : PREPARE_RECV
Time: 539   TM6-1 : PLACE_WAFER
Time: 539   PM90-1 : POST_RECV
Time: 540   BM11-2 : PREPARE_SEND
Time: 540   TM7-1 : PICK_WAFER
Time: 540   BM11-2 : POST_SEND
Time: 542   PM18-1 : PREPARE_RECV
Time: 542   TM7-1 : PLACE_WAFER
Time: 542   PM18-1 : POST_RECV
Time: 549   PM72-1 : PREPARE_SEND
Time: 549   TM5-2 : PICK_WAFER
Time: 549   PM72-1 : POST_SEND
Time: 549   BM11-1 : PREPARE_SEND
Time: 549   TM7-1 : PICK_WAFER
Time: 549   BM11-1 : POST_SEND
Time: 550   PM85-1 : PREPARE_SEND
Time: 550   TM6-2 : PICK_WAFER
Time: 550   PM85-1 : POST_SEND
Time: 551   PM19-1 : PREPARE_RECV
Time: 551   TM7-1 : PLACE_WAFER
Time: 551   PM19-1 : POST_RECV
Time: 552   PM13-1 : PREPARE_SEND
Time: 552   TM6-1 : PICK_WAFER
Time: 552   PM13-1 : POST_SEND
Time: 552   PM49-1 : PREPARE_RECV
Time: 552   TM6-2 : PLACE_WAFER
Time: 552   PM49-1 : POST_RECV
Time: 553   BM8-1 : PREPARE_RECV
Time: 553   TM5-2 : PLACE_WAFER
Time: 553   BM8-1 : POST_RECV
Time: 554   PM85-1 : PREPARE_RECV
Time: 554   TM6-1 : PLACE_WAFER
Time: 554   PM85-1 : POST_RECV
Time: 555   PM94-1 : PREPARE_SEND
Time: 555   TM5-1 : PICK_WAFER
Time: 555   PM94-1 : POST_SEND
Time: 559   PM71-1 : PREPARE_RECV
Time: 559   TM5-1 : PLACE_WAFER
Time: 559   PM71-1 : POST_RECV
Time: 560   PM96-1 : PREPARE_SEND
Time: 560   TM5-1 : PICK_WAFER
Time: 560   PM96-1 : POST_SEND
Time: 560   PM86-1 : PREPARE_SEND
Time: 560   TM7-2 : PICK_WAFER
Time: 560   PM86-1 : POST_SEND
Time: 562   PM14-1 : PREPARE_SEND
Time: 562   TM6-2 : PICK_WAFER
Time: 562   PM14-1 : POST_SEND
Time: 562   PM50-1 : PREPARE_RECV
Time: 562   TM7-2 : PLACE_WAFER
Time: 562   PM50-1 : POST_RECV
Time: 564   PM73-1 : PREPARE_RECV
Time: 564   TM5-1 : PLACE_WAFER
Time: 564   PM73-1 : POST_RECV
Time: 564   PM86-1 : PREPARE_RECV
Time: 564   TM6-2 : PLACE_WAFER
Time: 564   PM86-1 : POST_RECV
Time: 565   BM11-2 : PREPARE_SEND
Time: 565   TM7-2 : PICK_WAFER
Time: 565   BM11-2 : POST_SEND
Time: 567   PM20-1 : PREPARE_RECV
Time: 567   TM7-2 : PLACE_WAFER
Time: 567   PM20-1 : POST_RECV
Time: 570   PM93-1 : PREPARE_SEND
Time: 570   TM5-1 : PICK_WAFER
Time: 570   PM93-1 : POST_SEND
Time: 570   PM71-1 : PREPARE_SEND
Time: 570   TM5-2 : PICK_WAFER
Time: 570   PM71-1 : POST_SEND
Time: 574   PM71-1 : PREPARE_RECV
Time: 574   TM5-1 : PLACE_WAFER
Time: 574   PM71-1 : POST_RECV
Time: 574   BM7-2 : PREPARE_RECV
Time: 574   TM5-2 : PLACE_WAFER
Time: 574   BM7-2 : POST_RECV
Time: 574   BM11-1 : PREPARE_SEND
Time: 574   TM7-1 : PICK_WAFER
Time: 574   BM11-1 : POST_SEND
Time: 575   PM73-1 : PREPARE_SEND
Time: 575   TM5-2 : PICK_WAFER
Time: 575   PM73-1 : POST_SEND
Time: 575   PM89-1 : PREPARE_SEND
Time: 575   TM6-1 : PICK_WAFER
Time: 575   PM89-1 : POST_SEND
Time: 576   PM11-1 : PREPARE_RECV
Time: 576   TM7-1 : PLACE_WAFER
Time: 576   PM11-1 : POST_RECV
Time: 577   PM51-1 : PREPARE_RECV
Time: 577   TM6-1 : PLACE_WAFER
Time: 577   PM51-1 : POST_RECV
Time: 577   PM15-1 : PREPARE_SEND
Time: 577   TM7-2 : PICK_WAFER
Time: 577   PM15-1 : POST_SEND
Time: 579   BM8-2 : PREPARE_RECV
Time: 579   TM5-2 : PLACE_WAFER
Time: 579   BM8-2 : POST_RECV
Time: 579   PM89-1 : PREPARE_RECV
Time: 579   TM7-2 : PLACE_WAFER
Time: 579   PM89-1 : POST_RECV
Time: 585   PM71-1 : PREPARE_SEND
Time: 585   TM5-2 : PICK_WAFER
Time: 585   PM71-1 : POST_SEND
Time: 585   PM90-1 : PREPARE_SEND
Time: 585   TM6-2 : PICK_WAFER
Time: 585   PM90-1 : POST_SEND
Time: 587   PM52-1 : PREPARE_RECV
Time: 587   TM6-2 : PLACE_WAFER
Time: 587   PM52-1 : POST_RECV
Time: 589   BM7-1 : PREPARE_RECV
Time: 589   TM5-2 : PLACE_WAFER
Time: 589   BM7-1 : POST_RECV
Time: 593   PM16-1 : PREPARE_SEND
Time: 593   TM6-1 : PICK_WAFER
Time: 593   PM16-1 : POST_SEND
Time: 595   PM90-1 : PREPARE_RECV
Time: 595   TM6-1 : PLACE_WAFER
Time: 595   PM90-1 : POST_RECV
Time: 599   BM11-1 : PREPARE_SEND
Time: 599   TM7-1 : PICK_WAFER
Time: 599   BM11-1 : POST_SEND
Time: 601   PM13-1 : PREPARE_RECV
Time: 601   TM7-1 : PLACE_WAFER
Time: 601   PM13-1 : POST_RECV
Time: 610   BM11-2 : PREPARE_SEND
Time: 610   TM7-1 : PICK_WAFER
Time: 610   BM11-2 : POST_SEND
Time: 611   PM17-1 : PREPARE_SEND
Time: 611   TM6-1 : PICK_WAFER
Time: 611   PM17-1 : POST_SEND
Time: 612   PM12-1 : PREPARE_RECV
Time: 612   TM7-1 : PLACE_WAFER
Time: 612   PM12-1 : POST_RECV
Time: 613   PM85-1 : PREPARE_RECV
Time: 613   TM6-1 : PLACE_WAFER
Time: 613   PM85-1 : POST_RECV
Time: 614   PM85-1 : PREPARE_SEND
Time: 614   TM6-2 : PICK_WAFER
Time: 614   PM85-1 : POST_SEND
Time: 616   PM41-1 : PREPARE_RECV
Time: 616   TM6-2 : PLACE_WAFER
Time: 616   PM41-1 : POST_RECV
Time: 617   PM41-1 : PREPARE_SEND
Time: 617   TM7-2 : PICK_WAFER
Time: 617   PM41-1 : POST_SEND
Time: 618   PM18-1 : PREPARE_SEND
Time: 618   TM6-2 : PICK_WAFER
Time: 618   PM18-1 : POST_SEND
Time: 619   PM61-1 : PREPARE_RECV
Time: 619   TM7-2 : PLACE_WAFER
Time: 619   PM61-1 : POST_RECV
Time: 620   PM86-1 : PREPARE_RECV
Time: 620   TM6-2 : PLACE_WAFER
Time: 620   PM86-1 : POST_RECV
Time: 620   PM86-1 : PREPARE_SEND
Time: 620   TM7-2 : PICK_WAFER
Time: 620   PM86-1 : POST_SEND
Time: 622   PM42-1 : PREPARE_SEND
Time: 622   TM6-1 : PICK_WAFER
Time: 622   PM42-1 : POST_SEND
Time: 622   PM42-1 : PREPARE_RECV
Time: 622   TM7-2 : PLACE_WAFER
Time: 622   PM42-1 : POST_RECV
Time: 624   PM62-1 : PREPARE_RECV
Time: 624   TM6-1 : PLACE_WAFER
Time: 624   PM62-1 : POST_RECV
Time: 636   PM19-1 : PREPARE_SEND
Time: 636   TM7-2 : PICK_WAFER
Time: 636   PM19-1 : POST_SEND
Time: 638   PM89-1 : PREPARE_RECV
Time: 638   TM7-2 : PLACE_WAFER
Time: 638   PM89-1 : POST_RECV
Time: 639   PM89-1 : PREPARE_SEND
Time: 639   TM6-1 : PICK_WAFER
Time: 639   PM89-1 : POST_SEND
Time: 639   BM11-2 : PREPARE_SEND
Time: 639   TM7-2 : PICK_WAFER
Time: 639   BM11-2 : POST_SEND
Time: 641   PM43-1 : PREPARE_RECV
Time: 641   TM6-1 : PLACE_WAFER
Time: 641   PM43-1 : POST_RECV
Time: 641   PM14-1 : PREPARE_RECV
Time: 641   TM7-2 : PLACE_WAFER
Time: 641   PM14-1 : POST_RECV
Time: 642   PM43-1 : PREPARE_SEND
Time: 642   TM6-2 : PICK_WAFER
Time: 642   PM43-1 : POST_SEND
Time: 643   PM20-1 : PREPARE_SEND
Time: 643   TM6-1 : PICK_WAFER
Time: 643   PM20-1 : POST_SEND
Time: 644   PM63-1 : PREPARE_RECV
Time: 644   TM6-2 : PLACE_WAFER
Time: 644   PM63-1 : POST_RECV
Time: 644   BM11-1 : PREPARE_SEND
Time: 644   TM7-1 : PICK_WAFER
Time: 644   BM11-1 : POST_SEND
Time: 645   PM90-1 : PREPARE_RECV
Time: 645   TM6-1 : PLACE_WAFER
Time: 645   PM90-1 : POST_RECV
Time: 645   PM90-1 : PREPARE_SEND
Time: 645   TM6-2 : PICK_WAFER
Time: 645   PM90-1 : POST_SEND
Time: 646   PM15-1 : PREPARE_RECV
Time: 646   TM7-1 : PLACE_WAFER
Time: 646   PM15-1 : POST_RECV
Time: 647   PM44-1 : PREPARE_RECV
Time: 647   TM6-2 : PLACE_WAFER
Time: 647   PM44-1 : POST_RECV
Time: 647   PM44-1 : PREPARE_SEND
Time: 647   TM7-1 : PICK_WAFER
Time: 647   PM44-1 : POST_SEND
Time: 649   PM64-1 : PREPARE_RECV
Time: 649   TM7-1 : PLACE_WAFER
Time: 649   PM64-1 : POST_RECV
Time: 661   PM11-1 : PREPARE_SEND
Time: 661   TM6-1 : PICK_WAFER
Time: 661   PM11-1 : POST_SEND
Time: 663   PM85-1 : PREPARE_RECV
Time: 663   TM6-1 : PLACE_WAFER
Time: 663   PM85-1 : POST_RECV
Time: 664   PM85-1 : PREPARE_SEND
Time: 664   TM6-2 : PICK_WAFER
Time: 664   PM85-1 : POST_SEND
Time: 666   PM45-1 : PREPARE_RECV
Time: 666   TM6-2 : PLACE_WAFER
Time: 666   PM45-1 : POST_RECV
Time: 667   PM45-1 : PREPARE_SEND
Time: 667   TM7-2 : PICK_WAFER
Time: 667   PM45-1 : POST_SEND
Time: 669   PM65-1 : PREPARE_RECV
Time: 669   TM7-2 : PLACE_WAFER
Time: 669   PM65-1 : POST_RECV
Time: 670   PM86-1 : PREPARE_SEND
Time: 670   TM7-2 : PICK_WAFER
Time: 670   PM86-1 : POST_SEND
Time: 672   PM46-1 : PREPARE_SEND
Time: 672   TM6-1 : PICK_WAFER
Time: 672   PM46-1 : POST_SEND
Time: 672   PM46-1 : PREPARE_RECV
Time: 672   TM7-2 : PLACE_WAFER
Time: 672   PM46-1 : POST_RECV
Time: 674   PM66-1 : PREPARE_RECV
Time: 674   TM6-1 : PLACE_WAFER
Time: 674   PM66-1 : POST_RECV
Time: 686   PM13-1 : PREPARE_SEND
Time: 686   TM7-2 : PICK_WAFER
Time: 686   PM13-1 : POST_SEND
Time: 688   PM12-1 : PREPARE_SEND
Time: 688   TM6-2 : PICK_WAFER
Time: 688   PM12-1 : POST_SEND
Time: 688   PM89-1 : PREPARE_RECV
Time: 688   TM7-2 : PLACE_WAFER
Time: 688   PM89-1 : POST_RECV
Time: 689   PM89-1 : PREPARE_SEND
Time: 689   TM6-1 : PICK_WAFER
Time: 689   PM89-1 : POST_SEND
Time: 690   PM86-1 : PREPARE_RECV
Time: 690   TM6-2 : PLACE_WAFER
Time: 690   PM86-1 : POST_RECV
Time: 691   PM47-1 : PREPARE_RECV
Time: 691   TM6-1 : PLACE_WAFER
Time: 691   PM47-1 : POST_RECV
Time: 692   PM47-1 : PREPARE_SEND
Time: 692   TM6-2 : PICK_WAFER
Time: 692   PM47-1 : POST_SEND
Time: 694   PM67-1 : PREPARE_RECV
Time: 694   TM6-2 : PLACE_WAFER
Time: 694   PM67-1 : POST_RECV
Time: 695   PM61-1 : PREPARE_SEND
Time: 695   TM6-1 : PICK_WAFER
Time: 695   PM61-1 : POST_SEND
Time: 695   PM90-1 : PREPARE_SEND
Time: 695   TM6-2 : PICK_WAFER
Time: 695   PM90-1 : POST_SEND
Time: 697   PM87-1 : PREPARE_RECV
Time: 697   TM6-1 : PLACE_WAFER
Time: 697   PM87-1 : POST_RECV
Time: 697   PM48-1 : PREPARE_RECV
Time: 697   TM6-2 : PLACE_WAFER
Time: 697   PM48-1 : POST_RECV
Time: 697   PM48-1 : PREPARE_SEND
Time: 697   TM7-1 : PICK_WAFER
Time: 697   PM48-1 : POST_SEND
Time: 699   PM68-1 : PREPARE_RECV
Time: 699   TM7-1 : PLACE_WAFER
Time: 699   PM68-1 : POST_RECV
Time: 700   PM62-1 : PREPARE_SEND
Time: 700   TM6-2 : PICK_WAFER
Time: 700   PM62-1 : POST_SEND
Time: 702   PM88-1 : PREPARE_RECV
Time: 702   TM6-2 : PLACE_WAFER
Time: 702   PM88-1 : POST_RECV
Time: 714   PM85-1 : PREPARE_SEND
Time: 714   TM6-2 : PICK_WAFER
Time: 714   PM85-1 : POST_SEND
Time: 716   PM49-1 : PREPARE_RECV
Time: 716   TM6-2 : PLACE_WAFER
Time: 716   PM49-1 : POST_RECV
Time: 717   PM14-1 : PREPARE_SEND
Time: 717   TM6-1 : PICK_WAFER
Time: 717   PM14-1 : POST_SEND
Time: 717   PM49-1 : PREPARE_SEND
Time: 717   TM7-2 : PICK_WAFER
Time: 717   PM49-1 : POST_SEND
Time: 719   PM90-1 : PREPARE_RECV
Time: 719   TM6-1 : PLACE_WAFER
Time: 719   PM90-1 : POST_RECV
Time: 719   PM61-1 : PREPARE_RECV
Time: 719   TM7-2 : PLACE_WAFER
Time: 719   PM61-1 : POST_RECV
Time: 720   PM63-1 : PREPARE_SEND
Time: 720   TM7-1 : PICK_WAFER
Time: 720   PM63-1 : POST_SEND
Time: 722   PM15-1 : PREPARE_SEND
Time: 722   TM6-1 : PICK_WAFER
Time: 722   PM15-1 : POST_SEND
Time: 722   PM91-1 : PREPARE_RECV
Time: 722   TM7-1 : PLACE_WAFER
Time: 722   PM91-1 : POST_RECV
Time: 724   PM85-1 : PREPARE_RECV
Time: 724   TM6-1 : PLACE_WAFER
Time: 724   PM85-1 : POST_RECV
Time: 725   PM64-1 : PREPARE_SEND
Time: 725   TM7-2 : PICK_WAFER
Time: 725   PM64-1 : POST_SEND
Time: 727   PM50-1 : PREPARE_SEND
Time: 727   TM6-1 : PICK_WAFER
Time: 727   PM50-1 : POST_SEND
Time: 727   PM92-1 : PREPARE_RECV
Time: 727   TM7-2 : PLACE_WAFER
Time: 727   PM92-1 : POST_RECV
Time: 729   PM62-1 : PREPARE_RECV
Time: 729   TM6-1 : PLACE_WAFER
Time: 729   PM62-1 : POST_RECV
Time: 736   PM86-1 : PREPARE_SEND
Time: 736   TM7-2 : PICK_WAFER
Time: 736   PM86-1 : POST_SEND
Time: 738   PM50-1 : PREPARE_RECV
Time: 738   TM7-2 : PLACE_WAFER
Time: 738   PM50-1 : POST_RECV
Time: 739   PM89-1 : PREPARE_SEND
Time: 739   TM6-1 : PICK_WAFER
Time: 739   PM89-1 : POST_SEND
Time: 741   PM51-1 : PREPARE_RECV
Time: 741   TM6-1 : PLACE_WAFER
Time: 741   PM51-1 : POST_RECV
Time: 742   PM51-1 : PREPARE_SEND
Time: 742   TM6-2 : PICK_WAFER
Time: 742   PM51-1 : POST_SEND
Time: 744   PM63-1 : PREPARE_RECV
Time: 744   TM6-2 : PLACE_WAFER
Time: 744   PM63-1 : POST_RECV
Time: 745   PM65-1 : PREPARE_SEND
Time: 745   TM6-1 : PICK_WAFER
Time: 745   PM65-1 : POST_SEND
Time: 747   PM87-1 : PREPARE_RECV
Time: 747   TM6-1 : PLACE_WAFER
Time: 747   PM87-1 : POST_RECV
Time: 750   PM66-1 : PREPARE_SEND
Time: 750   TM6-2 : PICK_WAFER
Time: 750   PM66-1 : POST_SEND
Time: 752   PM88-1 : PREPARE_RECV
Time: 752   TM6-2 : PLACE_WAFER
Time: 752   PM88-1 : POST_RECV
Time: 752   PM52-1 : PREPARE_SEND
Time: 752   TM7-1 : PICK_WAFER
Time: 752   PM52-1 : POST_SEND
Time: 754   PM64-1 : PREPARE_RECV
Time: 754   TM7-1 : PLACE_WAFER
Time: 754   PM64-1 : POST_RECV
Time: 765   PM90-1 : PREPARE_SEND
Time: 765   TM6-2 : PICK_WAFER
Time: 765   PM90-1 : POST_SEND
Time: 767   PM52-1 : PREPARE_RECV
Time: 767   TM6-2 : PLACE_WAFER
Time: 767   PM52-1 : POST_RECV
Time: 770   PM67-1 : PREPARE_SEND
Time: 770   TM7-1 : PICK_WAFER
Time: 770   PM67-1 : POST_SEND
Time: 772   PM91-1 : PREPARE_RECV
Time: 772   TM7-1 : PLACE_WAFER
Time: 772   PM91-1 : POST_RECV
Time: 775   PM68-1 : PREPARE_SEND
Time: 775   TM7-2 : PICK_WAFER
Time: 775   PM68-1 : POST_SEND
Time: 777   PM92-1 : PREPARE_RECV
Time: 777   TM7-2 : PLACE_WAFER
Time: 777   PM92-1 : POST_RECV
Time: 778   PM85-1 : PREPARE_SEND
Time: 778   TM6-2 : PICK_WAFER
Time: 778   PM85-1 : POST_SEND
Time: 780   PM41-1 : PREPARE_RECV
Time: 780   TM6-2 : PLACE_WAFER
Time: 780   PM41-1 : POST_RECV
Time: 781   PM41-1 : PREPARE_SEND
Time: 781   TM7-2 : PICK_WAFER
Time: 781   PM41-1 : POST_SEND
Time: 783   PM65-1 : PREPARE_RECV
Time: 783   TM7-2 : PLACE_WAFER
Time: 783   PM65-1 : POST_RECV
Time: 787   PM42-1 : PREPARE_SEND
Time: 787   TM6-1 : PICK_WAFER
Time: 787   PM42-1 : POST_SEND
Time: 789   PM66-1 : PREPARE_RECV
Time: 789   TM6-1 : PLACE_WAFER
Time: 789   PM66-1 : POST_RECV
Time: 795   PM61-1 : PREPARE_SEND
Time: 795   TM6-1 : PICK_WAFER
Time: 795   PM61-1 : POST_SEND
Time: 797   PM87-1 : PREPARE_RECV
Time: 797   TM6-1 : PLACE_WAFER
Time: 797   PM87-1 : POST_RECV
Time: 805   PM62-1 : PREPARE_SEND
Time: 805   TM6-2 : PICK_WAFER
Time: 805   PM62-1 : POST_SEND
Time: 807   PM88-1 : PREPARE_RECV
Time: 807   TM6-2 : PLACE_WAFER
Time: 807   PM88-1 : POST_RECV
Time: 808   PM43-1 : PREPARE_SEND
Time: 808   TM6-2 : PICK_WAFER
Time: 808   PM43-1 : POST_SEND
Time: 810   PM67-1 : PREPARE_RECV
Time: 810   TM6-2 : PLACE_WAFER
Time: 810   PM67-1 : POST_RECV
Time: 812   PM44-1 : PREPARE_SEND
Time: 812   TM7-1 : PICK_WAFER
Time: 812   PM44-1 : POST_SEND
Time: 814   PM68-1 : PREPARE_RECV
Time: 814   TM7-1 : PLACE_WAFER
Time: 814   PM68-1 : POST_RECV
Time: 820   PM63-1 : PREPARE_SEND
Time: 820   TM7-1 : PICK_WAFER
Time: 820   PM63-1 : POST_SEND
Time: 822   PM91-1 : PREPARE_RECV
Time: 822   TM7-1 : PLACE_WAFER
Time: 822   PM91-1 : POST_RECV
Time: 830   PM64-1 : PREPARE_SEND
Time: 830   TM7-2 : PICK_WAFER
Time: 830   PM64-1 : POST_SEND
Time: 832   PM92-1 : PREPARE_RECV
Time: 832   TM7-2 : PLACE_WAFER
Time: 832   PM92-1 : POST_RECV
Time: 833   PM45-1 : PREPARE_SEND
Time: 833   TM7-2 : PICK_WAFER
Time: 833   PM45-1 : POST_SEND
Time: 835   PM61-1 : PREPARE_RECV
Time: 835   TM7-2 : PLACE_WAFER
Time: 835   PM61-1 : POST_RECV
Time: 837   PM46-1 : PREPARE_SEND
Time: 837   TM6-1 : PICK_WAFER
Time: 837   PM46-1 : POST_SEND
Time: 839   PM62-1 : PREPARE_RECV
Time: 839   TM6-1 : PLACE_WAFER
Time: 839   PM62-1 : POST_RECV
Time: 856   PM47-1 : PREPARE_SEND
Time: 856   TM6-2 : PICK_WAFER
Time: 856   PM47-1 : POST_SEND
Time: 858   PM63-1 : PREPARE_RECV
Time: 858   TM6-2 : PLACE_WAFER
Time: 858   PM63-1 : POST_RECV
Time: 859   PM65-1 : PREPARE_SEND
Time: 859   TM6-1 : PICK_WAFER
Time: 859   PM65-1 : POST_SEND
Time: 861   PM87-1 : PREPARE_RECV
Time: 861   TM6-1 : PLACE_WAFER
Time: 861   PM87-1 : POST_RECV
Time: 862   PM48-1 : PREPARE_SEND
Time: 862   TM7-1 : PICK_WAFER
Time: 862   PM48-1 : POST_SEND
Time: 864   PM64-1 : PREPARE_RECV
Time: 864   TM7-1 : PLACE_WAFER
Time: 864   PM64-1 : POST_RECV
Time: 865   PM66-1 : PREPARE_SEND
Time: 865   TM6-2 : PICK_WAFER
Time: 865   PM66-1 : POST_SEND
Time: 867   PM88-1 : PREPARE_RECV
Time: 867   TM6-2 : PLACE_WAFER
Time: 867   PM88-1 : POST_RECV
Time: 881   PM49-1 : PREPARE_SEND
Time: 881   TM7-2 : PICK_WAFER
Time: 881   PM49-1 : POST_SEND
Time: 883   PM65-1 : PREPARE_RECV
Time: 883   TM7-2 : PLACE_WAFER
Time: 883   PM65-1 : POST_RECV
Time: 886   PM67-1 : PREPARE_SEND
Time: 886   TM7-1 : PICK_WAFER
Time: 886   PM67-1 : POST_SEND
Time: 888   PM91-1 : PREPARE_RECV
Time: 888   TM7-1 : PLACE_WAFER
Time: 888   PM91-1 : POST_RECV
Time: 890   PM68-1 : PREPARE_SEND
Time: 890   TM7-2 : PICK_WAFER
Time: 890   PM68-1 : POST_SEND
Time: 892   PM92-1 : PREPARE_RECV
Time: 892   TM7-2 : PLACE_WAFER
Time: 892   PM92-1 : POST_RECV
Time: 903   PM50-1 : PREPARE_SEND
Time: 903   TM6-1 : PICK_WAFER
Time: 903   PM50-1 : POST_SEND
Time: 905   PM66-1 : PREPARE_RECV
Time: 905   TM6-1 : PLACE_WAFER
Time: 905   PM66-1 : POST_RECV
Time: 906   PM51-1 : PREPARE_SEND
Time: 906   TM6-2 : PICK_WAFER
Time: 906   PM51-1 : POST_SEND
Time: 908   PM67-1 : PREPARE_RECV
Time: 908   TM6-2 : PLACE_WAFER
Time: 908   PM67-1 : POST_RECV
Time: 911   PM61-1 : PREPARE_SEND
Time: 911   TM6-1 : PICK_WAFER
Time: 911   PM61-1 : POST_SEND
Time: 913   PM87-1 : PREPARE_RECV
Time: 913   TM6-1 : PLACE_WAFER
Time: 913   PM87-1 : POST_RECV
Time: 915   PM62-1 : PREPARE_SEND
Time: 915   TM6-2 : PICK_WAFER
Time: 915   PM62-1 : POST_SEND
Time: 917   PM88-1 : PREPARE_RECV
Time: 917   TM6-2 : PLACE_WAFER
Time: 917   PM88-1 : POST_RECV
Time: 934   PM63-1 : PREPARE_SEND
Time: 934   TM7-1 : PICK_WAFER
Time: 934   PM63-1 : POST_SEND
Time: 936   PM91-1 : PREPARE_RECV
Time: 936   TM7-1 : PLACE_WAFER
Time: 936   PM91-1 : POST_RECV
Time: 937   PM52-1 : PREPARE_SEND
Time: 937   TM7-1 : PICK_WAFER
Time: 937   PM52-1 : POST_SEND
Time: 939   PM68-1 : PREPARE_RECV
Time: 939   TM7-1 : PLACE_WAFER
Time: 939   PM68-1 : POST_RECV
Time: 940   PM64-1 : PREPARE_SEND
Time: 940   TM7-2 : PICK_WAFER
Time: 940   PM64-1 : POST_SEND
Time: 942   PM92-1 : PREPARE_RECV
Time: 942   TM7-2 : PLACE_WAFER
Time: 942   PM92-1 : POST_RECV
Time: 945   PM41-1 : PREPARE_SEND
Time: 945   TM7-2 : PICK_WAFER
Time: 945   PM41-1 : POST_SEND
Time: 947   PM61-1 : PREPARE_RECV
Time: 947   TM7-2 : PLACE_WAFER
Time: 947   PM61-1 : POST_RECV
Time: 959   PM65-1 : PREPARE_SEND
Time: 959   TM6-1 : PICK_WAFER
Time: 959   PM65-1 : POST_SEND
Time: 961   PM87-1 : PREPARE_RECV
Time: 961   TM6-1 : PLACE_WAFER
Time: 961   PM87-1 : POST_RECV
Time: 981   PM66-1 : PREPARE_SEND
Time: 981   TM6-2 : PICK_WAFER
Time: 981   PM66-1 : POST_SEND
Time: 983   PM88-1 : PREPARE_RECV
Time: 983   TM6-2 : PLACE_WAFER
Time: 983   PM88-1 : POST_RECV
Time: 984   PM67-1 : PREPARE_SEND
Time: 984   TM7-1 : PICK_WAFER
Time: 984   PM67-1 : POST_SEND
Time: 986   PM91-1 : PREPARE_RECV
Time: 986   TM7-1 : PLACE_WAFER
Time: 986   PM91-1 : POST_RECV
Time: 1015   PM68-1 : PREPARE_SEND
Time: 1015   TM7-2 : PICK_WAFER
Time: 1015   PM68-1 : POST_SEND
Time: 1017   PM92-1 : PREPARE_RECV
Time: 1017   TM7-2 : PLACE_WAFER
Time: 1017   PM92-1 : POST_RECV
Time: 1023   PM61-1 : PREPARE_SEND
Time: 1023   TM6-1 : PICK_WAFER
Time: 1023   PM61-1 : POST_SEND
Time: 1025   PM87-1 : PREPARE_RECV
Time: 1025   TM6-1 : PLACE_WAFER
Time: 1025   PM87-1 : POST_RECV
Running time :  0.160047 seconds
Time steps =  161
